2021-05-18 18:13:58,817 [http-nio-8080-exec-10] [INFO ] [API-FILTER] Verifying JWT		(com.cefriel.coneyapi.jwt.JwtRequestFilter: com.cefriel.coneyapi.jwt.JwtRequestFilter.doFilterInternal(JwtRequestFilter.java:33))
2021-05-18 18:13:58,821 [http-nio-8080-exec-10] [WARN ] JWT Token format is not valid		(com.cefriel.coneyapi.jwt.JwtRequestFilter: com.cefriel.coneyapi.jwt.JwtRequestFilter.doFilterInternal(JwtRequestFilter.java:47))
2021-05-18 18:13:58,822 [http-nio-8080-exec-10] [INFO ] [API-FILTER] username set: null		(com.cefriel.coneyapi.jwt.JwtRequestFilter: com.cefriel.coneyapi.jwt.JwtRequestFilter.doFilterInternal(JwtRequestFilter.java:64))
2021-05-18 18:13:58,823 [http-nio-8080-exec-10] [INFO ] [CONV] Looking with user: anonymousUser		(com.cefriel.coneyapi.service.ConversationService: com.cefriel.coneyapi.service.ConversationService.searchConversation(ConversationService.java:54))
2021-05-18 18:13:58,830 [http-nio-8080-exec-10] [INFO ] [CONVERSATION] Search conversation: List of 7 conversations correctly retrieved		(com.cefriel.coneyapi.controller.ConversationController: com.cefriel.coneyapi.controller.ConversationController.searchConversation(ConversationController.java:49))
2021-05-18 18:14:01,008 [http-nio-8080-exec-3] [INFO ] [API-FILTER] Verifying JWT		(com.cefriel.coneyapi.jwt.JwtRequestFilter: com.cefriel.coneyapi.jwt.JwtRequestFilter.doFilterInternal(JwtRequestFilter.java:33))
2021-05-18 18:14:01,010 [http-nio-8080-exec-3] [WARN ] JWT Token format is not valid		(com.cefriel.coneyapi.jwt.JwtRequestFilter: com.cefriel.coneyapi.jwt.JwtRequestFilter.doFilterInternal(JwtRequestFilter.java:47))
2021-05-18 18:14:01,011 [http-nio-8080-exec-3] [INFO ] [API-FILTER] username set: null		(com.cefriel.coneyapi.jwt.JwtRequestFilter: com.cefriel.coneyapi.jwt.JwtRequestFilter.doFilterInternal(JwtRequestFilter.java:64))
2021-05-18 18:14:01,021 [http-nio-8080-exec-3] [INFO ] [UTILS] File read at path '/opt/coney-data/RateYourProject 1.0 (unpublished).txt'		(com.cefriel.coneyapi.utils.Utils: com.cefriel.coneyapi.utils.Utils.openJsonFile(Utils.java:36))
2021-05-18 18:14:01,117 [http-nio-8080-exec-9] [INFO ] [API-FILTER] Verifying JWT		(com.cefriel.coneyapi.jwt.JwtRequestFilter: com.cefriel.coneyapi.jwt.JwtRequestFilter.doFilterInternal(JwtRequestFilter.java:33))
2021-05-18 18:14:01,119 [http-nio-8080-exec-9] [WARN ] JWT Token format is not valid		(com.cefriel.coneyapi.jwt.JwtRequestFilter: com.cefriel.coneyapi.jwt.JwtRequestFilter.doFilterInternal(JwtRequestFilter.java:47))
2021-05-18 18:14:01,120 [http-nio-8080-exec-9] [INFO ] [API-FILTER] username set: null		(com.cefriel.coneyapi.jwt.JwtRequestFilter: com.cefriel.coneyapi.jwt.JwtRequestFilter.doFilterInternal(JwtRequestFilter.java:64))
2021-05-18 18:14:01,118 [http-nio-8080-exec-2] [INFO ] [API-FILTER] Verifying JWT		(com.cefriel.coneyapi.jwt.JwtRequestFilter: com.cefriel.coneyapi.jwt.JwtRequestFilter.doFilterInternal(JwtRequestFilter.java:33))
2021-05-18 18:14:01,123 [http-nio-8080-exec-2] [WARN ] JWT Token format is not valid		(com.cefriel.coneyapi.jwt.JwtRequestFilter: com.cefriel.coneyapi.jwt.JwtRequestFilter.doFilterInternal(JwtRequestFilter.java:47))
2021-05-18 18:14:01,124 [http-nio-8080-exec-2] [INFO ] [API-FILTER] username set: null		(com.cefriel.coneyapi.jwt.JwtRequestFilter: com.cefriel.coneyapi.jwt.JwtRequestFilter.doFilterInternal(JwtRequestFilter.java:64))
2021-05-18 18:14:01,130 [http-nio-8080-exec-9] [INFO ] [UTILS] File read at path '/opt/coney-data/RateYourProject 1.0 (unpublished).txt'		(com.cefriel.coneyapi.utils.Utils: com.cefriel.coneyapi.utils.Utils.openJsonFile(Utils.java:36))
2021-05-18 18:14:42,253 [http-nio-8080-exec-7] [INFO ] [API-FILTER] Verifying JWT		(com.cefriel.coneyapi.jwt.JwtRequestFilter: com.cefriel.coneyapi.jwt.JwtRequestFilter.doFilterInternal(JwtRequestFilter.java:33))
2021-05-18 18:14:42,254 [http-nio-8080-exec-7] [WARN ] JWT Token format is not valid		(com.cefriel.coneyapi.jwt.JwtRequestFilter: com.cefriel.coneyapi.jwt.JwtRequestFilter.doFilterInternal(JwtRequestFilter.java:47))
2021-05-18 18:14:42,255 [http-nio-8080-exec-7] [INFO ] [API-FILTER] username set: null		(com.cefriel.coneyapi.jwt.JwtRequestFilter: com.cefriel.coneyapi.jwt.JwtRequestFilter.doFilterInternal(JwtRequestFilter.java:64))
2021-05-18 18:14:42,256 [http-nio-8080-exec-7] [INFO ] -anonymousUser-		(com.cefriel.coneyapi.controller.ConversationController: com.cefriel.coneyapi.controller.ConversationController.saveConversation(ConversationController.java:293))
2021-05-18 18:14:42,273 [http-nio-8080-exec-7] [INFO ] [UTILS] JSON Object successfully versioned to file at: '/opt/coney-data/versions/RateYourProject 1.0 - chat (unpublished)/RateYourProject 1.0 - chat (unpublished)202105181814.txt'		(com.cefriel.coneyapi.utils.Utils: com.cefriel.coneyapi.utils.Utils.saveJsonToFile(Utils.java:80))
2021-05-18 18:14:42,279 [http-nio-8080-exec-7] [INFO ] [UTILS] JSON Object successfully copied to file at: '/opt/coney-data/RateYourProject 1.0 - chat (unpublished).txt'		(com.cefriel.coneyapi.utils.Utils: com.cefriel.coneyapi.utils.Utils.saveJsonToFile(Utils.java:102))
2021-05-18 18:14:42,284 [http-nio-8080-exec-7] [INFO ] [CONVERSATION] Conversation correctly overwritten 		(com.cefriel.coneyapi.controller.ConversationController: com.cefriel.coneyapi.controller.ConversationController.saveConversation(ConversationController.java:368))
2021-05-18 18:14:42,285 [http-nio-8080-exec-7] [INFO ] [CONVERSATION] Conversation correctly saved		(com.cefriel.coneyapi.controller.ConversationController: com.cefriel.coneyapi.controller.ConversationController.saveConversation(ConversationController.java:390))
2021-05-18 18:15:19,446 [http-nio-8080-exec-4] [INFO ] [API-FILTER] Verifying JWT		(com.cefriel.coneyapi.jwt.JwtRequestFilter: com.cefriel.coneyapi.jwt.JwtRequestFilter.doFilterInternal(JwtRequestFilter.java:33))
2021-05-18 18:15:19,447 [http-nio-8080-exec-4] [WARN ] JWT Token format is not valid		(com.cefriel.coneyapi.jwt.JwtRequestFilter: com.cefriel.coneyapi.jwt.JwtRequestFilter.doFilterInternal(JwtRequestFilter.java:47))
2021-05-18 18:15:19,448 [http-nio-8080-exec-4] [INFO ] [API-FILTER] username set: null		(com.cefriel.coneyapi.jwt.JwtRequestFilter: com.cefriel.coneyapi.jwt.JwtRequestFilter.doFilterInternal(JwtRequestFilter.java:64))
2021-05-18 18:15:19,450 [http-nio-8080-exec-4] [INFO ] -anonymousUser-		(com.cefriel.coneyapi.controller.ConversationController: com.cefriel.coneyapi.controller.ConversationController.saveConversation(ConversationController.java:293))
2021-05-18 18:15:19,479 [http-nio-8080-exec-4] [DEBUG] [UTILS] Generated new id id--2050522296-1621361719479		(com.cefriel.coneyapi.utils.Utils: com.cefriel.coneyapi.utils.Utils.generateId(Utils.java:144))
2021-05-18 18:15:19,490 [http-nio-8080-exec-4] [INFO ] [UTILS] JSON Object successfully versioned to file at: '/opt/coney-data/versions/RateYourProject 1.0 /RateYourProject 1.0 202105181815.txt'		(com.cefriel.coneyapi.utils.Utils: com.cefriel.coneyapi.utils.Utils.saveJsonToFile(Utils.java:80))
2021-05-18 18:15:19,498 [http-nio-8080-exec-4] [INFO ] [UTILS] JSON Object successfully copied to file at: '/opt/coney-data/RateYourProject 1.0 .txt'		(com.cefriel.coneyapi.utils.Utils: com.cefriel.coneyapi.utils.Utils.saveJsonToFile(Utils.java:102))
2021-05-18 18:15:19,515 [http-nio-8080-exec-4] [INFO ] [CONVERSATION] Conversation correctly saved		(com.cefriel.coneyapi.controller.ConversationController: com.cefriel.coneyapi.controller.ConversationController.saveConversation(ConversationController.java:390))
2021-05-18 18:15:42,243 [http-nio-8080-exec-1] [INFO ] [API-FILTER] Verifying JWT		(com.cefriel.coneyapi.jwt.JwtRequestFilter: com.cefriel.coneyapi.jwt.JwtRequestFilter.doFilterInternal(JwtRequestFilter.java:33))
2021-05-18 18:15:42,244 [http-nio-8080-exec-1] [WARN ] JWT Token format is not valid		(com.cefriel.coneyapi.jwt.JwtRequestFilter: com.cefriel.coneyapi.jwt.JwtRequestFilter.doFilterInternal(JwtRequestFilter.java:47))
2021-05-18 18:15:42,245 [http-nio-8080-exec-1] [INFO ] [API-FILTER] username set: null		(com.cefriel.coneyapi.jwt.JwtRequestFilter: com.cefriel.coneyapi.jwt.JwtRequestFilter.doFilterInternal(JwtRequestFilter.java:64))
2021-05-18 18:15:42,246 [http-nio-8080-exec-1] [INFO ] -anonymousUser-		(com.cefriel.coneyapi.controller.ConversationController: com.cefriel.coneyapi.controller.ConversationController.saveConversation(ConversationController.java:293))
2021-05-18 18:15:42,284 [http-nio-8080-exec-1] [INFO ] [UTILS] JSON Object successfully versioned to file at: '/opt/coney-data/versions/RateYourProject 1.0 - web (unpub)/RateYourProject 1.0 - web (unpub)202105181815.txt'		(com.cefriel.coneyapi.utils.Utils: com.cefriel.coneyapi.utils.Utils.saveJsonToFile(Utils.java:80))
2021-05-18 18:15:42,290 [http-nio-8080-exec-1] [INFO ] [UTILS] JSON Object successfully copied to file at: '/opt/coney-data/RateYourProject 1.0 - web (unpub).txt'		(com.cefriel.coneyapi.utils.Utils: com.cefriel.coneyapi.utils.Utils.saveJsonToFile(Utils.java:102))
2021-05-18 18:15:42,305 [http-nio-8080-exec-1] [INFO ] [CONVERSATION] Conversation correctly overwritten 		(com.cefriel.coneyapi.controller.ConversationController: com.cefriel.coneyapi.controller.ConversationController.saveConversation(ConversationController.java:368))
2021-05-18 18:15:42,306 [http-nio-8080-exec-1] [INFO ] [CONVERSATION] Conversation correctly saved		(com.cefriel.coneyapi.controller.ConversationController: com.cefriel.coneyapi.controller.ConversationController.saveConversation(ConversationController.java:390))
2021-05-18 19:01:28,399 [http-nio-8080-exec-8] [INFO ] [API-FILTER] Verifying JWT		(com.cefriel.coneyapi.jwt.JwtRequestFilter: com.cefriel.coneyapi.jwt.JwtRequestFilter.doFilterInternal(JwtRequestFilter.java:33))
2021-05-18 19:01:28,401 [http-nio-8080-exec-8] [WARN ] JWT Token format is not valid		(com.cefriel.coneyapi.jwt.JwtRequestFilter: com.cefriel.coneyapi.jwt.JwtRequestFilter.doFilterInternal(JwtRequestFilter.java:47))
2021-05-18 19:01:28,402 [http-nio-8080-exec-8] [INFO ] [API-FILTER] username set: null		(com.cefriel.coneyapi.jwt.JwtRequestFilter: com.cefriel.coneyapi.jwt.JwtRequestFilter.doFilterInternal(JwtRequestFilter.java:64))
2021-05-18 19:01:28,403 [http-nio-8080-exec-8] [INFO ] [CONV] Looking with user: anonymousUser		(com.cefriel.coneyapi.service.ConversationService: com.cefriel.coneyapi.service.ConversationService.searchConversation(ConversationService.java:54))
2021-05-18 19:01:28,418 [http-nio-8080-exec-8] [INFO ] [CONVERSATION] Search conversation: List of 8 conversations correctly retrieved		(com.cefriel.coneyapi.controller.ConversationController: com.cefriel.coneyapi.controller.ConversationController.searchConversation(ConversationController.java:49))
2021-05-18 19:01:31,744 [http-nio-8080-exec-5] [INFO ] [API-FILTER] Verifying JWT		(com.cefriel.coneyapi.jwt.JwtRequestFilter: com.cefriel.coneyapi.jwt.JwtRequestFilter.doFilterInternal(JwtRequestFilter.java:33))
2021-05-18 19:01:31,745 [http-nio-8080-exec-5] [WARN ] JWT Token format is not valid		(com.cefriel.coneyapi.jwt.JwtRequestFilter: com.cefriel.coneyapi.jwt.JwtRequestFilter.doFilterInternal(JwtRequestFilter.java:47))
2021-05-18 19:01:31,746 [http-nio-8080-exec-5] [INFO ] [API-FILTER] username set: null		(com.cefriel.coneyapi.jwt.JwtRequestFilter: com.cefriel.coneyapi.jwt.JwtRequestFilter.doFilterInternal(JwtRequestFilter.java:64))
2021-05-18 19:01:31,763 [http-nio-8080-exec-5] [INFO ] [UTILS] File read at path '/opt/coney-data/RateYourProject 1.0 - chat (unpublished).txt'		(com.cefriel.coneyapi.utils.Utils: com.cefriel.coneyapi.utils.Utils.openJsonFile(Utils.java:36))
2021-05-18 19:10:53,370 [http-nio-8080-exec-6] [INFO ] [API-FILTER] Verifying JWT		(com.cefriel.coneyapi.jwt.JwtRequestFilter: com.cefriel.coneyapi.jwt.JwtRequestFilter.doFilterInternal(JwtRequestFilter.java:33))
2021-05-18 19:10:53,371 [http-nio-8080-exec-6] [WARN ] JWT Token format is not valid		(com.cefriel.coneyapi.jwt.JwtRequestFilter: com.cefriel.coneyapi.jwt.JwtRequestFilter.doFilterInternal(JwtRequestFilter.java:47))
2021-05-18 19:10:53,372 [http-nio-8080-exec-6] [INFO ] [API-FILTER] username set: null		(com.cefriel.coneyapi.jwt.JwtRequestFilter: com.cefriel.coneyapi.jwt.JwtRequestFilter.doFilterInternal(JwtRequestFilter.java:64))
2021-05-18 19:10:53,375 [http-nio-8080-exec-6] [INFO ] [CONVERSATION] Conversation preview requested		(com.cefriel.coneyapi.controller.ConversationController: com.cefriel.coneyapi.controller.ConversationController.previewConversation(ConversationController.java:237))
2021-05-18 19:10:53,624 [http-nio-8080-exec-6] [INFO ] [CONVERSATION] Json loaded, reading nodes		(com.cefriel.coneyapi.service.ConversationService: com.cefriel.coneyapi.service.ConversationService.uploadNodesAndEdged(ConversationService.java:185))
2021-05-18 19:10:53,640 [http-nio-8080-exec-6] [INFO ] [CONVERSATION] uploading query nodes		(com.cefriel.coneyapi.service.ConversationService: com.cefriel.coneyapi.service.ConversationService.uploadQueryNodes(ConversationService.java:685))
2021-05-18 19:10:54,020 [http-nio-8080-exec-6] [INFO ] [CONVERSATION] upload done		(com.cefriel.coneyapi.service.ConversationService: com.cefriel.coneyapi.service.ConversationService.uploadQueryNodes(ConversationService.java:718))
2021-05-18 19:10:54,021 [http-nio-8080-exec-6] [INFO ] [CONVERSATION] Conversation nodes uploaded, loading conversation edges...		(com.cefriel.coneyapi.service.ConversationService: com.cefriel.coneyapi.service.ConversationService.uploadNodesAndEdged(ConversationService.java:198))
2021-05-18 19:10:54,022 [http-nio-8080-exec-6] [INFO ] [CONVERSATION] Total edges: 151		(com.cefriel.coneyapi.service.ConversationService: com.cefriel.coneyapi.service.ConversationService.uploadQueryEdges(ConversationService.java:726))
2021-05-18 19:10:54,680 [http-nio-8080-exec-6] [INFO ] [CONVERSATION] Edges uploaded, creating conversation starting node		(com.cefriel.coneyapi.service.ConversationService: com.cefriel.coneyapi.service.ConversationService.uploadNodesAndEdged(ConversationService.java:205))
2021-05-18 19:10:54,716 [http-nio-8080-exec-6] [INFO ] [CONVERSATION] Conversation nodes created successfully		(com.cefriel.coneyapi.service.ConversationService: com.cefriel.coneyapi.service.ConversationService.uploadNodesAndEdged(ConversationService.java:212))
2021-05-18 19:10:54,717 [http-nio-8080-exec-6] [INFO ] [CONVERSATION] Tags created and linked successfully		(com.cefriel.coneyapi.service.ConversationService: com.cefriel.coneyapi.service.ConversationService.uploadNodesAndEdged(ConversationService.java:217))
2021-05-18 19:10:54,940 [http-nio-8080-exec-10] [INFO ] [API-FILTER] Verifying JWT		(com.cefriel.coneyapi.jwt.JwtRequestFilter: com.cefriel.coneyapi.jwt.JwtRequestFilter.doFilterInternal(JwtRequestFilter.java:33))
2021-05-18 19:10:54,943 [http-nio-8080-exec-10] [WARN ] JWT Token format is not valid		(com.cefriel.coneyapi.jwt.JwtRequestFilter: com.cefriel.coneyapi.jwt.JwtRequestFilter.doFilterInternal(JwtRequestFilter.java:47))
2021-05-18 19:10:54,948 [http-nio-8080-exec-10] [INFO ] [API-FILTER] username set: null		(com.cefriel.coneyapi.jwt.JwtRequestFilter: com.cefriel.coneyapi.jwt.JwtRequestFilter.doFilterInternal(JwtRequestFilter.java:64))
2021-05-18 19:10:54,950 [http-nio-8080-exec-10] [INFO ] [CHAT] Restarting the conversation, previous answers will be deleted with session 		(com.cefriel.coneyapi.controller.ChatController: com.cefriel.coneyapi.controller.ChatController.beginConversation(ChatController.java:81))
2021-05-18 19:10:54,978 [http-nio-8080-exec-10] [INFO ] [CHAT] u_id: preview		(com.cefriel.coneyapi.service.ChatService: com.cefriel.coneyapi.service.ChatService.beginConversation(ChatService.java:58))
2021-05-18 19:10:54,979 [http-nio-8080-exec-10] [INFO ] [CHAT] resultJ: {"userId":"preview"}		(com.cefriel.coneyapi.service.ChatService: com.cefriel.coneyapi.service.ChatService.beginConversation(ChatService.java:61))
2021-05-18 19:10:54,992 [http-nio-8080-exec-10] [INFO ] [CHAT] Conversation found: id: id--334068075-1621030783494		(com.cefriel.coneyapi.service.ChatService: com.cefriel.coneyapi.service.ChatService.beginConversation(ChatService.java:73))
2021-05-18 19:10:55,013 [http-nio-8080-exec-10] [INFO ] [CHAT] Start rel with timestamp and SessionId generated		(com.cefriel.coneyapi.service.ChatService: com.cefriel.coneyapi.service.ChatService.beginConversation(ChatService.java:92))
2021-05-18 19:10:55,015 [http-nio-8080-exec-10] [INFO ] [CHAT] Relationship created, getting first Block		(com.cefriel.coneyapi.service.ChatService: com.cefriel.coneyapi.service.ChatService.beginConversation(ChatService.java:99))
2021-05-18 19:10:55,053 [http-nio-8080-exec-10] [INFO ] [CHAT] Getting subsequent blocks of block_id: -1		(com.cefriel.coneyapi.service.ChatService: com.cefriel.coneyapi.service.ChatService.getNextBlock(ChatService.java:295))
2021-05-18 19:10:55,059 [http-nio-8080-exec-10] [INFO ] [CHAT] amount of next blocks: 1		(com.cefriel.coneyapi.service.ChatService: com.cefriel.coneyapi.service.ChatService.getNextBlock(ChatService.java:297))
2021-05-18 19:10:55,060 [http-nio-8080-exec-10] [INFO ] [BLOCK_SEQUENCE] normal 1		(com.cefriel.coneyapi.service.ChatService: com.cefriel.coneyapi.service.ChatService.getNextBlock(ChatService.java:325))
2021-05-18 19:10:55,061 [http-nio-8080-exec-10] [INFO ] [CHAT] Getting subsequent blocks of block_id: -6920		(com.cefriel.coneyapi.service.ChatService: com.cefriel.coneyapi.service.ChatService.getNextBlock(ChatService.java:295))
2021-05-18 19:10:55,067 [http-nio-8080-exec-10] [INFO ] [CHAT] amount of next blocks: 1		(com.cefriel.coneyapi.service.ChatService: com.cefriel.coneyapi.service.ChatService.getNextBlock(ChatService.java:297))
2021-05-18 19:10:55,068 [http-nio-8080-exec-10] [INFO ] [BLOCK_SEQUENCE] normal 1		(com.cefriel.coneyapi.service.ChatService: com.cefriel.coneyapi.service.ChatService.getNextBlock(ChatService.java:325))
2021-05-18 19:10:55,068 [http-nio-8080-exec-10] [INFO ] [CHAT] Getting subsequent blocks of block_id: -6921		(com.cefriel.coneyapi.service.ChatService: com.cefriel.coneyapi.service.ChatService.getNextBlock(ChatService.java:295))
2021-05-18 19:10:55,072 [http-nio-8080-exec-10] [INFO ] [CHAT] amount of next blocks: 4		(com.cefriel.coneyapi.service.ChatService: com.cefriel.coneyapi.service.ChatService.getNextBlock(ChatService.java:297))
2021-05-18 19:12:09,529 [http-nio-8080-exec-3] [INFO ] [API-FILTER] Verifying JWT		(com.cefriel.coneyapi.jwt.JwtRequestFilter: com.cefriel.coneyapi.jwt.JwtRequestFilter.doFilterInternal(JwtRequestFilter.java:33))
2021-05-18 19:12:09,530 [http-nio-8080-exec-3] [WARN ] JWT Token format is not valid		(com.cefriel.coneyapi.jwt.JwtRequestFilter: com.cefriel.coneyapi.jwt.JwtRequestFilter.doFilterInternal(JwtRequestFilter.java:47))
2021-05-18 19:12:09,531 [http-nio-8080-exec-3] [INFO ] [API-FILTER] username set: null		(com.cefriel.coneyapi.jwt.JwtRequestFilter: com.cefriel.coneyapi.jwt.JwtRequestFilter.doFilterInternal(JwtRequestFilter.java:64))
2021-05-18 19:12:09,535 [http-nio-8080-exec-3] [INFO ] [CHAT] Session: s_334376, conversation: id--334068075-1621030783494		(com.cefriel.coneyapi.service.ChatService: com.cefriel.coneyapi.service.ChatService.continueConversation(ChatService.java:197))
2021-05-18 19:12:09,537 [http-nio-8080-exec-3] [INFO ] [CHAT] Preparing Answer of type: multiple to question with id: -6921, answer: 1 - id--334068075-1621030783494		(com.cefriel.coneyapi.service.ChatService: com.cefriel.coneyapi.service.ChatService.continueConversation(ChatService.java:205))
2021-05-18 19:12:09,576 [http-nio-8080-exec-3] [INFO ] [CHAT] Answer registered, processing next blocks		(com.cefriel.coneyapi.service.ChatService: com.cefriel.coneyapi.service.ChatService.continueConversation(ChatService.java:230))
2021-05-18 19:12:09,578 [http-nio-8080-exec-3] [INFO ] [CHAT] Next: What best describes your approach for consciously and systematically convening with one's fellow programmers to check each other's code for mistakes (code reviews)?		(com.cefriel.coneyapi.service.ChatService: com.cefriel.coneyapi.service.ChatService.continueConversation(ChatService.java:231))
2021-05-18 19:12:09,579 [http-nio-8080-exec-3] [INFO ] [CHAT] Getting subsequent blocks of block_id: -6926		(com.cefriel.coneyapi.service.ChatService: com.cefriel.coneyapi.service.ChatService.getNextBlock(ChatService.java:295))
2021-05-18 19:12:09,592 [http-nio-8080-exec-3] [INFO ] [CHAT] amount of next blocks: 4		(com.cefriel.coneyapi.service.ChatService: com.cefriel.coneyapi.service.ChatService.getNextBlock(ChatService.java:297))
2021-05-18 19:12:09,598 [http-nio-8080-exec-3] [INFO ] [CHAT] SEQ returned, size: [com.cefriel.coneyapi.model.db.entities.Block@469062d8, com.cefriel.coneyapi.model.db.entities.Block@25057c4d, com.cefriel.coneyapi.model.db.entities.Block@6413f44c, com.cefriel.coneyapi.model.db.entities.Block@3a13c869]		(com.cefriel.coneyapi.service.ChatService: com.cefriel.coneyapi.service.ChatService.continueConversation(ChatService.java:233))
2021-05-18 19:12:09,600 [http-nio-8080-exec-3] [INFO ] [CHAT] SEQ returned, size: 4		(com.cefriel.coneyapi.service.ChatService: com.cefriel.coneyapi.service.ChatService.continueConversation(ChatService.java:235))
2021-05-18 19:12:15,393 [http-nio-8080-exec-2] [INFO ] [API-FILTER] Verifying JWT		(com.cefriel.coneyapi.jwt.JwtRequestFilter: com.cefriel.coneyapi.jwt.JwtRequestFilter.doFilterInternal(JwtRequestFilter.java:33))
2021-05-18 19:12:15,394 [http-nio-8080-exec-2] [WARN ] JWT Token format is not valid		(com.cefriel.coneyapi.jwt.JwtRequestFilter: com.cefriel.coneyapi.jwt.JwtRequestFilter.doFilterInternal(JwtRequestFilter.java:47))
2021-05-18 19:12:15,395 [http-nio-8080-exec-2] [INFO ] [API-FILTER] username set: null		(com.cefriel.coneyapi.jwt.JwtRequestFilter: com.cefriel.coneyapi.jwt.JwtRequestFilter.doFilterInternal(JwtRequestFilter.java:64))
2021-05-18 19:12:15,397 [http-nio-8080-exec-2] [INFO ] [CHAT] Session: s_334376, conversation: id--334068075-1621030783494		(com.cefriel.coneyapi.service.ChatService: com.cefriel.coneyapi.service.ChatService.continueConversation(ChatService.java:197))
2021-05-18 19:12:15,399 [http-nio-8080-exec-2] [INFO ] [CHAT] Preparing Answer of type: multiple to question with id: -6926, answer: 2 - id--334068075-1621030783494		(com.cefriel.coneyapi.service.ChatService: com.cefriel.coneyapi.service.ChatService.continueConversation(ChatService.java:205))
2021-05-18 19:12:15,411 [http-nio-8080-exec-2] [INFO ] [CHAT] Answer registered, processing next blocks		(com.cefriel.coneyapi.service.ChatService: com.cefriel.coneyapi.service.ChatService.continueConversation(ChatService.java:230))
2021-05-18 19:12:15,414 [http-nio-8080-exec-2] [INFO ] [CHAT] Next: What best describes your approach for capturing, reporting, tracking, and managing information about issues related to software?		(com.cefriel.coneyapi.service.ChatService: com.cefriel.coneyapi.service.ChatService.continueConversation(ChatService.java:231))
2021-05-18 19:12:15,415 [http-nio-8080-exec-2] [INFO ] [CHAT] Getting subsequent blocks of block_id: -6931		(com.cefriel.coneyapi.service.ChatService: com.cefriel.coneyapi.service.ChatService.getNextBlock(ChatService.java:295))
2021-05-18 19:12:15,420 [http-nio-8080-exec-2] [INFO ] [CHAT] amount of next blocks: 4		(com.cefriel.coneyapi.service.ChatService: com.cefriel.coneyapi.service.ChatService.getNextBlock(ChatService.java:297))
2021-05-18 19:12:15,421 [http-nio-8080-exec-2] [INFO ] [CHAT] SEQ returned, size: [com.cefriel.coneyapi.model.db.entities.Block@7c2aad25, com.cefriel.coneyapi.model.db.entities.Block@a601dbf, com.cefriel.coneyapi.model.db.entities.Block@46e8f050, com.cefriel.coneyapi.model.db.entities.Block@549d55b3]		(com.cefriel.coneyapi.service.ChatService: com.cefriel.coneyapi.service.ChatService.continueConversation(ChatService.java:233))
2021-05-18 19:12:15,422 [http-nio-8080-exec-2] [INFO ] [CHAT] SEQ returned, size: 4		(com.cefriel.coneyapi.service.ChatService: com.cefriel.coneyapi.service.ChatService.continueConversation(ChatService.java:235))
2021-05-18 19:17:32,647 [http-nio-8080-exec-9] [INFO ] [API-FILTER] Verifying JWT		(com.cefriel.coneyapi.jwt.JwtRequestFilter: com.cefriel.coneyapi.jwt.JwtRequestFilter.doFilterInternal(JwtRequestFilter.java:33))
2021-05-18 19:17:32,648 [http-nio-8080-exec-9] [WARN ] JWT Token format is not valid		(com.cefriel.coneyapi.jwt.JwtRequestFilter: com.cefriel.coneyapi.jwt.JwtRequestFilter.doFilterInternal(JwtRequestFilter.java:47))
2021-05-18 19:17:32,649 [http-nio-8080-exec-9] [INFO ] [API-FILTER] username set: null		(com.cefriel.coneyapi.jwt.JwtRequestFilter: com.cefriel.coneyapi.jwt.JwtRequestFilter.doFilterInternal(JwtRequestFilter.java:64))
2021-05-18 19:17:32,651 [http-nio-8080-exec-9] [INFO ] [CONV] Looking with user: anonymousUser		(com.cefriel.coneyapi.service.ConversationService: com.cefriel.coneyapi.service.ConversationService.searchConversation(ConversationService.java:54))
2021-05-18 19:17:32,658 [http-nio-8080-exec-9] [INFO ] [CONVERSATION] Search conversation: List of 8 conversations correctly retrieved		(com.cefriel.coneyapi.controller.ConversationController: com.cefriel.coneyapi.controller.ConversationController.searchConversation(ConversationController.java:49))
2021-05-18 19:17:48,253 [http-nio-8080-exec-7] [INFO ] [API-FILTER] Verifying JWT		(com.cefriel.coneyapi.jwt.JwtRequestFilter: com.cefriel.coneyapi.jwt.JwtRequestFilter.doFilterInternal(JwtRequestFilter.java:33))
2021-05-18 19:17:48,254 [http-nio-8080-exec-7] [WARN ] JWT Token format is not valid		(com.cefriel.coneyapi.jwt.JwtRequestFilter: com.cefriel.coneyapi.jwt.JwtRequestFilter.doFilterInternal(JwtRequestFilter.java:47))
2021-05-18 19:17:48,255 [http-nio-8080-exec-7] [INFO ] [API-FILTER] username set: null		(com.cefriel.coneyapi.jwt.JwtRequestFilter: com.cefriel.coneyapi.jwt.JwtRequestFilter.doFilterInternal(JwtRequestFilter.java:64))
2021-05-18 19:17:48,256 [http-nio-8080-exec-7] [INFO ] [DATA] Answers to conversation: id-599444130-1621025287548 requested		(com.cefriel.coneyapi.controller.DataController: com.cefriel.coneyapi.controller.DataController.getAnswersOfConversation(DataController.java:39))
2021-05-18 19:17:48,323 [http-nio-8080-exec-7] [INFO ] [CONVERSATION] Exporting CSV		(com.cefriel.coneyapi.service.DataService: com.cefriel.coneyapi.service.DataService.answersToCSV(DataService.java:587))
2021-05-18 19:17:48,324 [http-nio-8080-exec-7] [INFO ] [CONVERSATION] CSV header: questionId,question,questionType,tag,option,value,freeAnswer,points,user,language,date,time,session,totalDuration,projectId,projectName		(com.cefriel.coneyapi.service.DataService: com.cefriel.coneyapi.service.DataService.answersToCSV(DataService.java:593))
2021-05-18 19:17:48,387 [http-nio-8080-exec-4] [INFO ] [API-FILTER] Verifying JWT		(com.cefriel.coneyapi.jwt.JwtRequestFilter: com.cefriel.coneyapi.jwt.JwtRequestFilter.doFilterInternal(JwtRequestFilter.java:33))
2021-05-18 19:17:48,389 [http-nio-8080-exec-4] [WARN ] JWT Token format is not valid		(com.cefriel.coneyapi.jwt.JwtRequestFilter: com.cefriel.coneyapi.jwt.JwtRequestFilter.doFilterInternal(JwtRequestFilter.java:47))
2021-05-18 19:17:48,391 [http-nio-8080-exec-4] [INFO ] [API-FILTER] username set: null		(com.cefriel.coneyapi.jwt.JwtRequestFilter: com.cefriel.coneyapi.jwt.JwtRequestFilter.doFilterInternal(JwtRequestFilter.java:64))
2021-05-18 19:17:48,394 [http-nio-8080-exec-4] [INFO ] [CONV] Looking with user: anonymousUser		(com.cefriel.coneyapi.service.ConversationService: com.cefriel.coneyapi.service.ConversationService.searchConversation(ConversationService.java:54))
2021-05-18 19:17:48,402 [http-nio-8080-exec-4] [INFO ] [CONVERSATION] Search conversation: List of 8 conversations correctly retrieved		(com.cefriel.coneyapi.controller.ConversationController: com.cefriel.coneyapi.controller.ConversationController.searchConversation(ConversationController.java:49))
2021-05-18 19:17:48,744 [http-nio-8080-exec-1] [INFO ] [API-FILTER] Verifying JWT		(com.cefriel.coneyapi.jwt.JwtRequestFilter: com.cefriel.coneyapi.jwt.JwtRequestFilter.doFilterInternal(JwtRequestFilter.java:33))
2021-05-18 19:17:48,745 [http-nio-8080-exec-1] [WARN ] JWT Token format is not valid		(com.cefriel.coneyapi.jwt.JwtRequestFilter: com.cefriel.coneyapi.jwt.JwtRequestFilter.doFilterInternal(JwtRequestFilter.java:47))
2021-05-18 19:17:48,747 [http-nio-8080-exec-1] [INFO ] [API-FILTER] username set: null		(com.cefriel.coneyapi.jwt.JwtRequestFilter: com.cefriel.coneyapi.jwt.JwtRequestFilter.doFilterInternal(JwtRequestFilter.java:64))
2021-05-18 19:17:48,749 [http-nio-8080-exec-1] [INFO ] [DATA] Answers to conversation: id-599444130-1621025287548 requested		(com.cefriel.coneyapi.controller.DataController: com.cefriel.coneyapi.controller.DataController.getAnswersOfConversation(DataController.java:39))
2021-05-18 19:17:48,771 [http-nio-8080-exec-1] [INFO ] [CONVERSATION] Exporting CSV		(com.cefriel.coneyapi.service.DataService: com.cefriel.coneyapi.service.DataService.answersToCSV(DataService.java:587))
2021-05-18 19:17:48,775 [http-nio-8080-exec-1] [INFO ] [CONVERSATION] CSV header: questionId,question,questionType,tag,option,value,freeAnswer,points,user,language,date,time,session,totalDuration,projectId,projectName		(com.cefriel.coneyapi.service.DataService: com.cefriel.coneyapi.service.DataService.answersToCSV(DataService.java:593))
2021-05-18 19:17:52,856 [http-nio-8080-exec-8] [INFO ] [API-FILTER] Verifying JWT		(com.cefriel.coneyapi.jwt.JwtRequestFilter: com.cefriel.coneyapi.jwt.JwtRequestFilter.doFilterInternal(JwtRequestFilter.java:33))
2021-05-18 19:17:52,857 [http-nio-8080-exec-8] [WARN ] JWT Token format is not valid		(com.cefriel.coneyapi.jwt.JwtRequestFilter: com.cefriel.coneyapi.jwt.JwtRequestFilter.doFilterInternal(JwtRequestFilter.java:47))
2021-05-18 19:17:52,858 [http-nio-8080-exec-8] [INFO ] [API-FILTER] username set: null		(com.cefriel.coneyapi.jwt.JwtRequestFilter: com.cefriel.coneyapi.jwt.JwtRequestFilter.doFilterInternal(JwtRequestFilter.java:64))
2021-05-18 19:17:52,860 [http-nio-8080-exec-8] [INFO ] [CONV] Looking with user: anonymousUser		(com.cefriel.coneyapi.service.ConversationService: com.cefriel.coneyapi.service.ConversationService.searchConversation(ConversationService.java:54))
2021-05-18 19:17:52,867 [http-nio-8080-exec-8] [INFO ] [CONVERSATION] Search conversation: List of 8 conversations correctly retrieved		(com.cefriel.coneyapi.controller.ConversationController: com.cefriel.coneyapi.controller.ConversationController.searchConversation(ConversationController.java:49))
2021-05-18 19:17:53,965 [http-nio-8080-exec-5] [INFO ] [API-FILTER] Verifying JWT		(com.cefriel.coneyapi.jwt.JwtRequestFilter: com.cefriel.coneyapi.jwt.JwtRequestFilter.doFilterInternal(JwtRequestFilter.java:33))
2021-05-18 19:17:53,966 [http-nio-8080-exec-5] [WARN ] JWT Token format is not valid		(com.cefriel.coneyapi.jwt.JwtRequestFilter: com.cefriel.coneyapi.jwt.JwtRequestFilter.doFilterInternal(JwtRequestFilter.java:47))
2021-05-18 19:17:53,967 [http-nio-8080-exec-5] [INFO ] [API-FILTER] username set: null		(com.cefriel.coneyapi.jwt.JwtRequestFilter: com.cefriel.coneyapi.jwt.JwtRequestFilter.doFilterInternal(JwtRequestFilter.java:64))
2021-05-18 19:17:53,968 [http-nio-8080-exec-5] [INFO ] [DATA] Answers to conversation: id--752725311-1621000385260 requested		(com.cefriel.coneyapi.controller.DataController: com.cefriel.coneyapi.controller.DataController.getAnswersOfConversation(DataController.java:39))
2021-05-18 19:17:53,984 [http-nio-8080-exec-5] [INFO ] [CONVERSATION] Exporting CSV		(com.cefriel.coneyapi.service.DataService: com.cefriel.coneyapi.service.DataService.answersToCSV(DataService.java:587))
2021-05-18 19:17:53,987 [http-nio-8080-exec-5] [INFO ] [CONVERSATION] CSV header: questionId,question,questionType,tag,option,value,freeAnswer,points,user,language,date,time,session,totalDuration,projectId,projectName		(com.cefriel.coneyapi.service.DataService: com.cefriel.coneyapi.service.DataService.answersToCSV(DataService.java:593))
2021-05-18 19:17:54,007 [http-nio-8080-exec-6] [INFO ] [API-FILTER] Verifying JWT		(com.cefriel.coneyapi.jwt.JwtRequestFilter: com.cefriel.coneyapi.jwt.JwtRequestFilter.doFilterInternal(JwtRequestFilter.java:33))
2021-05-18 19:17:54,011 [http-nio-8080-exec-6] [WARN ] JWT Token format is not valid		(com.cefriel.coneyapi.jwt.JwtRequestFilter: com.cefriel.coneyapi.jwt.JwtRequestFilter.doFilterInternal(JwtRequestFilter.java:47))
2021-05-18 19:17:54,013 [http-nio-8080-exec-6] [INFO ] [API-FILTER] username set: null		(com.cefriel.coneyapi.jwt.JwtRequestFilter: com.cefriel.coneyapi.jwt.JwtRequestFilter.doFilterInternal(JwtRequestFilter.java:64))
2021-05-18 19:17:54,015 [http-nio-8080-exec-6] [INFO ] [CONV] Looking with user: anonymousUser		(com.cefriel.coneyapi.service.ConversationService: com.cefriel.coneyapi.service.ConversationService.searchConversation(ConversationService.java:54))
2021-05-18 19:17:54,019 [http-nio-8080-exec-6] [INFO ] [CONVERSATION] Search conversation: List of 8 conversations correctly retrieved		(com.cefriel.coneyapi.controller.ConversationController: com.cefriel.coneyapi.controller.ConversationController.searchConversation(ConversationController.java:49))
2021-05-18 19:17:54,204 [http-nio-8080-exec-10] [INFO ] [API-FILTER] Verifying JWT		(com.cefriel.coneyapi.jwt.JwtRequestFilter: com.cefriel.coneyapi.jwt.JwtRequestFilter.doFilterInternal(JwtRequestFilter.java:33))
2021-05-18 19:17:54,206 [http-nio-8080-exec-10] [WARN ] JWT Token format is not valid		(com.cefriel.coneyapi.jwt.JwtRequestFilter: com.cefriel.coneyapi.jwt.JwtRequestFilter.doFilterInternal(JwtRequestFilter.java:47))
2021-05-18 19:17:54,209 [http-nio-8080-exec-10] [INFO ] [API-FILTER] username set: null		(com.cefriel.coneyapi.jwt.JwtRequestFilter: com.cefriel.coneyapi.jwt.JwtRequestFilter.doFilterInternal(JwtRequestFilter.java:64))
2021-05-18 19:17:54,213 [http-nio-8080-exec-10] [INFO ] [DATA] Answers to conversation: id--752725311-1621000385260 requested		(com.cefriel.coneyapi.controller.DataController: com.cefriel.coneyapi.controller.DataController.getAnswersOfConversation(DataController.java:39))
2021-05-18 19:17:54,244 [http-nio-8080-exec-10] [INFO ] [CONVERSATION] Exporting CSV		(com.cefriel.coneyapi.service.DataService: com.cefriel.coneyapi.service.DataService.answersToCSV(DataService.java:587))
2021-05-18 19:17:54,245 [http-nio-8080-exec-10] [INFO ] [CONVERSATION] CSV header: questionId,question,questionType,tag,option,value,freeAnswer,points,user,language,date,time,session,totalDuration,projectId,projectName		(com.cefriel.coneyapi.service.DataService: com.cefriel.coneyapi.service.DataService.answersToCSV(DataService.java:593))
