2021-04-28 17:32:00,442 [http-nio-8080-exec-4] [INFO ] [API-FILTER] Verifying JWT		(com.cefriel.coneyapi.jwt.JwtRequestFilter: com.cefriel.coneyapi.jwt.JwtRequestFilter.doFilterInternal(JwtRequestFilter.java:33))
2021-04-28 17:32:00,448 [http-nio-8080-exec-4] [WARN ] JWT Token format is not valid		(com.cefriel.coneyapi.jwt.JwtRequestFilter: com.cefriel.coneyapi.jwt.JwtRequestFilter.doFilterInternal(JwtRequestFilter.java:47))
2021-04-28 17:32:00,449 [http-nio-8080-exec-4] [INFO ] [API-FILTER] username set: null		(com.cefriel.coneyapi.jwt.JwtRequestFilter: com.cefriel.coneyapi.jwt.JwtRequestFilter.doFilterInternal(JwtRequestFilter.java:64))
2021-04-28 17:32:00,451 [http-nio-8080-exec-4] [INFO ] [CONV] Looking with user: anonymousUser		(com.cefriel.coneyapi.service.ConversationService: com.cefriel.coneyapi.service.ConversationService.searchConversation(ConversationService.java:53))
2021-04-28 17:32:00,467 [http-nio-8080-exec-4] [INFO ] [CONVERSATION] Search conversation: List of 1 conversations correctly retrieved		(com.cefriel.coneyapi.controller.ConversationController: com.cefriel.coneyapi.controller.ConversationController.searchConversation(ConversationController.java:49))
2021-04-28 17:40:22,258 [http-nio-8080-exec-9] [INFO ] [API-FILTER] Verifying JWT		(com.cefriel.coneyapi.jwt.JwtRequestFilter: com.cefriel.coneyapi.jwt.JwtRequestFilter.doFilterInternal(JwtRequestFilter.java:33))
2021-04-28 17:40:22,260 [http-nio-8080-exec-9] [WARN ] JWT Token format is not valid		(com.cefriel.coneyapi.jwt.JwtRequestFilter: com.cefriel.coneyapi.jwt.JwtRequestFilter.doFilterInternal(JwtRequestFilter.java:47))
2021-04-28 17:40:22,261 [http-nio-8080-exec-9] [INFO ] [API-FILTER] username set: null		(com.cefriel.coneyapi.jwt.JwtRequestFilter: com.cefriel.coneyapi.jwt.JwtRequestFilter.doFilterInternal(JwtRequestFilter.java:64))
2021-04-28 17:40:22,262 [http-nio-8080-exec-9] [INFO ] [CONV] Looking with user: anonymousUser		(com.cefriel.coneyapi.service.ConversationService: com.cefriel.coneyapi.service.ConversationService.searchConversation(ConversationService.java:53))
2021-04-28 17:40:22,278 [http-nio-8080-exec-9] [INFO ] [CONVERSATION] Search conversation: List of 1 conversations correctly retrieved		(com.cefriel.coneyapi.controller.ConversationController: com.cefriel.coneyapi.controller.ConversationController.searchConversation(ConversationController.java:49))
2021-04-28 17:52:21,097 [http-nio-8080-exec-3] [INFO ] [API-FILTER] Verifying JWT		(com.cefriel.coneyapi.jwt.JwtRequestFilter: com.cefriel.coneyapi.jwt.JwtRequestFilter.doFilterInternal(JwtRequestFilter.java:33))
2021-04-28 17:52:21,099 [http-nio-8080-exec-3] [WARN ] JWT Token format is not valid		(com.cefriel.coneyapi.jwt.JwtRequestFilter: com.cefriel.coneyapi.jwt.JwtRequestFilter.doFilterInternal(JwtRequestFilter.java:47))
2021-04-28 17:52:21,100 [http-nio-8080-exec-3] [INFO ] [API-FILTER] username set: null		(com.cefriel.coneyapi.jwt.JwtRequestFilter: com.cefriel.coneyapi.jwt.JwtRequestFilter.doFilterInternal(JwtRequestFilter.java:64))
2021-04-28 17:52:21,113 [http-nio-8080-exec-5] [INFO ] [API-FILTER] Verifying JWT		(com.cefriel.coneyapi.jwt.JwtRequestFilter: com.cefriel.coneyapi.jwt.JwtRequestFilter.doFilterInternal(JwtRequestFilter.java:33))
2021-04-28 17:52:21,117 [http-nio-8080-exec-7] [INFO ] [API-FILTER] Verifying JWT		(com.cefriel.coneyapi.jwt.JwtRequestFilter: com.cefriel.coneyapi.jwt.JwtRequestFilter.doFilterInternal(JwtRequestFilter.java:33))
2021-04-28 17:52:21,118 [http-nio-8080-exec-7] [WARN ] JWT Token format is not valid		(com.cefriel.coneyapi.jwt.JwtRequestFilter: com.cefriel.coneyapi.jwt.JwtRequestFilter.doFilterInternal(JwtRequestFilter.java:47))
2021-04-28 17:52:21,118 [http-nio-8080-exec-7] [INFO ] [API-FILTER] username set: null		(com.cefriel.coneyapi.jwt.JwtRequestFilter: com.cefriel.coneyapi.jwt.JwtRequestFilter.doFilterInternal(JwtRequestFilter.java:64))
2021-04-28 17:52:21,117 [http-nio-8080-exec-5] [WARN ] JWT Token format is not valid		(com.cefriel.coneyapi.jwt.JwtRequestFilter: com.cefriel.coneyapi.jwt.JwtRequestFilter.doFilterInternal(JwtRequestFilter.java:47))
2021-04-28 17:52:21,120 [http-nio-8080-exec-5] [INFO ] [API-FILTER] username set: null		(com.cefriel.coneyapi.jwt.JwtRequestFilter: com.cefriel.coneyapi.jwt.JwtRequestFilter.doFilterInternal(JwtRequestFilter.java:64))
2021-04-28 17:52:21,114 [http-nio-8080-exec-8] [INFO ] [API-FILTER] Verifying JWT		(com.cefriel.coneyapi.jwt.JwtRequestFilter: com.cefriel.coneyapi.jwt.JwtRequestFilter.doFilterInternal(JwtRequestFilter.java:33))
2021-04-28 17:52:21,124 [http-nio-8080-exec-8] [WARN ] JWT Token format is not valid		(com.cefriel.coneyapi.jwt.JwtRequestFilter: com.cefriel.coneyapi.jwt.JwtRequestFilter.doFilterInternal(JwtRequestFilter.java:47))
2021-04-28 17:52:21,126 [http-nio-8080-exec-8] [INFO ] [API-FILTER] username set: null		(com.cefriel.coneyapi.jwt.JwtRequestFilter: com.cefriel.coneyapi.jwt.JwtRequestFilter.doFilterInternal(JwtRequestFilter.java:64))
2021-04-28 17:52:21,117 [http-nio-8080-exec-2] [INFO ] [API-FILTER] Verifying JWT		(com.cefriel.coneyapi.jwt.JwtRequestFilter: com.cefriel.coneyapi.jwt.JwtRequestFilter.doFilterInternal(JwtRequestFilter.java:33))
2021-04-28 17:52:21,129 [http-nio-8080-exec-2] [WARN ] JWT Token format is not valid		(com.cefriel.coneyapi.jwt.JwtRequestFilter: com.cefriel.coneyapi.jwt.JwtRequestFilter.doFilterInternal(JwtRequestFilter.java:47))
2021-04-28 17:52:21,131 [http-nio-8080-exec-2] [INFO ] [API-FILTER] username set: null		(com.cefriel.coneyapi.jwt.JwtRequestFilter: com.cefriel.coneyapi.jwt.JwtRequestFilter.doFilterInternal(JwtRequestFilter.java:64))
2021-04-28 17:52:21,116 [http-nio-8080-exec-10] [INFO ] [API-FILTER] Verifying JWT		(com.cefriel.coneyapi.jwt.JwtRequestFilter: com.cefriel.coneyapi.jwt.JwtRequestFilter.doFilterInternal(JwtRequestFilter.java:33))
2021-04-28 17:52:21,135 [http-nio-8080-exec-10] [WARN ] JWT Token format is not valid		(com.cefriel.coneyapi.jwt.JwtRequestFilter: com.cefriel.coneyapi.jwt.JwtRequestFilter.doFilterInternal(JwtRequestFilter.java:47))
2021-04-28 17:52:21,137 [http-nio-8080-exec-10] [INFO ] [API-FILTER] username set: null		(com.cefriel.coneyapi.jwt.JwtRequestFilter: com.cefriel.coneyapi.jwt.JwtRequestFilter.doFilterInternal(JwtRequestFilter.java:64))
2021-04-28 17:52:21,115 [http-nio-8080-exec-1] [INFO ] [API-FILTER] Verifying JWT		(com.cefriel.coneyapi.jwt.JwtRequestFilter: com.cefriel.coneyapi.jwt.JwtRequestFilter.doFilterInternal(JwtRequestFilter.java:33))
2021-04-28 17:52:21,139 [http-nio-8080-exec-1] [WARN ] JWT Token format is not valid		(com.cefriel.coneyapi.jwt.JwtRequestFilter: com.cefriel.coneyapi.jwt.JwtRequestFilter.doFilterInternal(JwtRequestFilter.java:47))
2021-04-28 17:52:21,141 [http-nio-8080-exec-1] [INFO ] [API-FILTER] username set: null		(com.cefriel.coneyapi.jwt.JwtRequestFilter: com.cefriel.coneyapi.jwt.JwtRequestFilter.doFilterInternal(JwtRequestFilter.java:64))
2021-04-28 17:52:21,144 [http-nio-8080-exec-7] [INFO ] [API-FILTER] Verifying JWT		(com.cefriel.coneyapi.jwt.JwtRequestFilter: com.cefriel.coneyapi.jwt.JwtRequestFilter.doFilterInternal(JwtRequestFilter.java:33))
2021-04-28 17:52:21,133 [http-nio-8080-exec-9] [INFO ] [API-FILTER] Verifying JWT		(com.cefriel.coneyapi.jwt.JwtRequestFilter: com.cefriel.coneyapi.jwt.JwtRequestFilter.doFilterInternal(JwtRequestFilter.java:33))
2021-04-28 17:52:21,147 [http-nio-8080-exec-9] [WARN ] JWT Token format is not valid		(com.cefriel.coneyapi.jwt.JwtRequestFilter: com.cefriel.coneyapi.jwt.JwtRequestFilter.doFilterInternal(JwtRequestFilter.java:47))
2021-04-28 17:52:21,148 [http-nio-8080-exec-9] [INFO ] [API-FILTER] username set: null		(com.cefriel.coneyapi.jwt.JwtRequestFilter: com.cefriel.coneyapi.jwt.JwtRequestFilter.doFilterInternal(JwtRequestFilter.java:64))
2021-04-28 17:52:21,128 [http-nio-8080-exec-4] [INFO ] [API-FILTER] Verifying JWT		(com.cefriel.coneyapi.jwt.JwtRequestFilter: com.cefriel.coneyapi.jwt.JwtRequestFilter.doFilterInternal(JwtRequestFilter.java:33))
2021-04-28 17:52:21,153 [http-nio-8080-exec-4] [WARN ] JWT Token format is not valid		(com.cefriel.coneyapi.jwt.JwtRequestFilter: com.cefriel.coneyapi.jwt.JwtRequestFilter.doFilterInternal(JwtRequestFilter.java:47))
2021-04-28 17:52:21,154 [http-nio-8080-exec-4] [INFO ] [API-FILTER] username set: null		(com.cefriel.coneyapi.jwt.JwtRequestFilter: com.cefriel.coneyapi.jwt.JwtRequestFilter.doFilterInternal(JwtRequestFilter.java:64))
2021-04-28 17:52:21,124 [http-nio-8080-exec-6] [INFO ] [API-FILTER] Verifying JWT		(com.cefriel.coneyapi.jwt.JwtRequestFilter: com.cefriel.coneyapi.jwt.JwtRequestFilter.doFilterInternal(JwtRequestFilter.java:33))
2021-04-28 17:52:21,157 [http-nio-8080-exec-6] [WARN ] JWT Token format is not valid		(com.cefriel.coneyapi.jwt.JwtRequestFilter: com.cefriel.coneyapi.jwt.JwtRequestFilter.doFilterInternal(JwtRequestFilter.java:47))
2021-04-28 17:52:21,158 [http-nio-8080-exec-6] [INFO ] [API-FILTER] username set: null		(com.cefriel.coneyapi.jwt.JwtRequestFilter: com.cefriel.coneyapi.jwt.JwtRequestFilter.doFilterInternal(JwtRequestFilter.java:64))
2021-04-28 17:52:21,156 [http-nio-8080-exec-8] [INFO ] [API-FILTER] Verifying JWT		(com.cefriel.coneyapi.jwt.JwtRequestFilter: com.cefriel.coneyapi.jwt.JwtRequestFilter.doFilterInternal(JwtRequestFilter.java:33))
2021-04-28 17:52:21,167 [http-nio-8080-exec-8] [WARN ] JWT Token format is not valid		(com.cefriel.coneyapi.jwt.JwtRequestFilter: com.cefriel.coneyapi.jwt.JwtRequestFilter.doFilterInternal(JwtRequestFilter.java:47))
2021-04-28 17:52:21,148 [http-nio-8080-exec-5] [INFO ] [API-FILTER] Verifying JWT		(com.cefriel.coneyapi.jwt.JwtRequestFilter: com.cefriel.coneyapi.jwt.JwtRequestFilter.doFilterInternal(JwtRequestFilter.java:33))
2021-04-28 17:52:21,169 [http-nio-8080-exec-5] [WARN ] JWT Token format is not valid		(com.cefriel.coneyapi.jwt.JwtRequestFilter: com.cefriel.coneyapi.jwt.JwtRequestFilter.doFilterInternal(JwtRequestFilter.java:47))
2021-04-28 17:52:21,170 [http-nio-8080-exec-5] [INFO ] [API-FILTER] username set: null		(com.cefriel.coneyapi.jwt.JwtRequestFilter: com.cefriel.coneyapi.jwt.JwtRequestFilter.doFilterInternal(JwtRequestFilter.java:64))
2021-04-28 17:52:21,146 [http-nio-8080-exec-7] [WARN ] JWT Token format is not valid		(com.cefriel.coneyapi.jwt.JwtRequestFilter: com.cefriel.coneyapi.jwt.JwtRequestFilter.doFilterInternal(JwtRequestFilter.java:47))
2021-04-28 17:52:21,140 [http-nio-8080-exec-10] [INFO ] [API-FILTER] Verifying JWT		(com.cefriel.coneyapi.jwt.JwtRequestFilter: com.cefriel.coneyapi.jwt.JwtRequestFilter.doFilterInternal(JwtRequestFilter.java:33))
2021-04-28 17:52:21,173 [http-nio-8080-exec-10] [WARN ] JWT Token format is not valid		(com.cefriel.coneyapi.jwt.JwtRequestFilter: com.cefriel.coneyapi.jwt.JwtRequestFilter.doFilterInternal(JwtRequestFilter.java:47))
2021-04-28 17:52:21,174 [http-nio-8080-exec-10] [INFO ] [API-FILTER] username set: null		(com.cefriel.coneyapi.jwt.JwtRequestFilter: com.cefriel.coneyapi.jwt.JwtRequestFilter.doFilterInternal(JwtRequestFilter.java:64))
2021-04-28 17:52:21,172 [http-nio-8080-exec-7] [INFO ] [API-FILTER] username set: null		(com.cefriel.coneyapi.jwt.JwtRequestFilter: com.cefriel.coneyapi.jwt.JwtRequestFilter.doFilterInternal(JwtRequestFilter.java:64))
2021-04-28 17:52:21,170 [http-nio-8080-exec-3] [INFO ] [API-FILTER] Verifying JWT		(com.cefriel.coneyapi.jwt.JwtRequestFilter: com.cefriel.coneyapi.jwt.JwtRequestFilter.doFilterInternal(JwtRequestFilter.java:33))
2021-04-28 17:52:21,168 [http-nio-8080-exec-8] [INFO ] [API-FILTER] username set: null		(com.cefriel.coneyapi.jwt.JwtRequestFilter: com.cefriel.coneyapi.jwt.JwtRequestFilter.doFilterInternal(JwtRequestFilter.java:64))
2021-04-28 17:52:21,160 [http-nio-8080-exec-2] [INFO ] [API-FILTER] Verifying JWT		(com.cefriel.coneyapi.jwt.JwtRequestFilter: com.cefriel.coneyapi.jwt.JwtRequestFilter.doFilterInternal(JwtRequestFilter.java:33))
2021-04-28 17:52:21,188 [http-nio-8080-exec-2] [WARN ] JWT Token format is not valid		(com.cefriel.coneyapi.jwt.JwtRequestFilter: com.cefriel.coneyapi.jwt.JwtRequestFilter.doFilterInternal(JwtRequestFilter.java:47))
2021-04-28 17:52:21,189 [http-nio-8080-exec-2] [INFO ] [API-FILTER] username set: null		(com.cefriel.coneyapi.jwt.JwtRequestFilter: com.cefriel.coneyapi.jwt.JwtRequestFilter.doFilterInternal(JwtRequestFilter.java:64))
2021-04-28 17:52:21,185 [http-nio-8080-exec-3] [WARN ] JWT Token format is not valid		(com.cefriel.coneyapi.jwt.JwtRequestFilter: com.cefriel.coneyapi.jwt.JwtRequestFilter.doFilterInternal(JwtRequestFilter.java:47))
2021-04-28 17:52:21,192 [http-nio-8080-exec-3] [INFO ] [API-FILTER] username set: null		(com.cefriel.coneyapi.jwt.JwtRequestFilter: com.cefriel.coneyapi.jwt.JwtRequestFilter.doFilterInternal(JwtRequestFilter.java:64))
2021-04-28 17:52:21,233 [http-nio-8080-exec-1] [INFO ] [API-FILTER] Verifying JWT		(com.cefriel.coneyapi.jwt.JwtRequestFilter: com.cefriel.coneyapi.jwt.JwtRequestFilter.doFilterInternal(JwtRequestFilter.java:33))
2021-04-28 17:52:21,234 [http-nio-8080-exec-1] [WARN ] JWT Token format is not valid		(com.cefriel.coneyapi.jwt.JwtRequestFilter: com.cefriel.coneyapi.jwt.JwtRequestFilter.doFilterInternal(JwtRequestFilter.java:47))
2021-04-28 17:52:21,235 [http-nio-8080-exec-1] [INFO ] [API-FILTER] username set: null		(com.cefriel.coneyapi.jwt.JwtRequestFilter: com.cefriel.coneyapi.jwt.JwtRequestFilter.doFilterInternal(JwtRequestFilter.java:64))
2021-04-28 17:52:21,245 [http-nio-8080-exec-9] [INFO ] [API-FILTER] Verifying JWT		(com.cefriel.coneyapi.jwt.JwtRequestFilter: com.cefriel.coneyapi.jwt.JwtRequestFilter.doFilterInternal(JwtRequestFilter.java:33))
2021-04-28 17:52:21,248 [http-nio-8080-exec-9] [WARN ] JWT Token format is not valid		(com.cefriel.coneyapi.jwt.JwtRequestFilter: com.cefriel.coneyapi.jwt.JwtRequestFilter.doFilterInternal(JwtRequestFilter.java:47))
2021-04-28 17:52:21,249 [http-nio-8080-exec-9] [INFO ] [API-FILTER] username set: null		(com.cefriel.coneyapi.jwt.JwtRequestFilter: com.cefriel.coneyapi.jwt.JwtRequestFilter.doFilterInternal(JwtRequestFilter.java:64))
2021-04-28 17:52:21,248 [http-nio-8080-exec-6] [INFO ] [API-FILTER] Verifying JWT		(com.cefriel.coneyapi.jwt.JwtRequestFilter: com.cefriel.coneyapi.jwt.JwtRequestFilter.doFilterInternal(JwtRequestFilter.java:33))
2021-04-28 17:52:21,251 [http-nio-8080-exec-6] [WARN ] JWT Token format is not valid		(com.cefriel.coneyapi.jwt.JwtRequestFilter: com.cefriel.coneyapi.jwt.JwtRequestFilter.doFilterInternal(JwtRequestFilter.java:47))
2021-04-28 17:52:21,246 [http-nio-8080-exec-4] [INFO ] [API-FILTER] Verifying JWT		(com.cefriel.coneyapi.jwt.JwtRequestFilter: com.cefriel.coneyapi.jwt.JwtRequestFilter.doFilterInternal(JwtRequestFilter.java:33))
2021-04-28 17:52:21,253 [http-nio-8080-exec-4] [WARN ] JWT Token format is not valid		(com.cefriel.coneyapi.jwt.JwtRequestFilter: com.cefriel.coneyapi.jwt.JwtRequestFilter.doFilterInternal(JwtRequestFilter.java:47))
2021-04-28 17:52:21,254 [http-nio-8080-exec-4] [INFO ] [API-FILTER] username set: null		(com.cefriel.coneyapi.jwt.JwtRequestFilter: com.cefriel.coneyapi.jwt.JwtRequestFilter.doFilterInternal(JwtRequestFilter.java:64))
2021-04-28 17:52:21,252 [http-nio-8080-exec-6] [INFO ] [API-FILTER] username set: null		(com.cefriel.coneyapi.jwt.JwtRequestFilter: com.cefriel.coneyapi.jwt.JwtRequestFilter.doFilterInternal(JwtRequestFilter.java:64))
2021-04-28 17:52:21,249 [http-nio-8080-exec-10] [INFO ] [API-FILTER] Verifying JWT		(com.cefriel.coneyapi.jwt.JwtRequestFilter: com.cefriel.coneyapi.jwt.JwtRequestFilter.doFilterInternal(JwtRequestFilter.java:33))
2021-04-28 17:52:21,257 [http-nio-8080-exec-10] [WARN ] JWT Token format is not valid		(com.cefriel.coneyapi.jwt.JwtRequestFilter: com.cefriel.coneyapi.jwt.JwtRequestFilter.doFilterInternal(JwtRequestFilter.java:47))
2021-04-28 17:52:21,259 [http-nio-8080-exec-10] [INFO ] [API-FILTER] username set: null		(com.cefriel.coneyapi.jwt.JwtRequestFilter: com.cefriel.coneyapi.jwt.JwtRequestFilter.doFilterInternal(JwtRequestFilter.java:64))
2021-04-28 17:52:21,249 [http-nio-8080-exec-5] [INFO ] [API-FILTER] Verifying JWT		(com.cefriel.coneyapi.jwt.JwtRequestFilter: com.cefriel.coneyapi.jwt.JwtRequestFilter.doFilterInternal(JwtRequestFilter.java:33))
2021-04-28 17:52:21,261 [http-nio-8080-exec-5] [WARN ] JWT Token format is not valid		(com.cefriel.coneyapi.jwt.JwtRequestFilter: com.cefriel.coneyapi.jwt.JwtRequestFilter.doFilterInternal(JwtRequestFilter.java:47))
2021-04-28 17:52:21,262 [http-nio-8080-exec-5] [INFO ] [API-FILTER] username set: null		(com.cefriel.coneyapi.jwt.JwtRequestFilter: com.cefriel.coneyapi.jwt.JwtRequestFilter.doFilterInternal(JwtRequestFilter.java:64))
2021-04-28 17:52:21,267 [http-nio-8080-exec-8] [INFO ] [API-FILTER] Verifying JWT		(com.cefriel.coneyapi.jwt.JwtRequestFilter: com.cefriel.coneyapi.jwt.JwtRequestFilter.doFilterInternal(JwtRequestFilter.java:33))
2021-04-28 17:52:21,268 [http-nio-8080-exec-8] [WARN ] JWT Token format is not valid		(com.cefriel.coneyapi.jwt.JwtRequestFilter: com.cefriel.coneyapi.jwt.JwtRequestFilter.doFilterInternal(JwtRequestFilter.java:47))
2021-04-28 17:52:21,269 [http-nio-8080-exec-8] [INFO ] [API-FILTER] username set: null		(com.cefriel.coneyapi.jwt.JwtRequestFilter: com.cefriel.coneyapi.jwt.JwtRequestFilter.doFilterInternal(JwtRequestFilter.java:64))
2021-04-28 19:55:08,278 [localhost-startStop-1] [INFO ] Starting ConeyApiApplication v0.1 on 071af8b14e1a with PID 1 (/usr/local/tomcat/webapps/coney-api/WEB-INF/classes started by root in /usr/local/tomcat)		(org.springframework.boot.StartupInfoLogger: org.springframework.boot.StartupInfoLogger.logStarting(StartupInfoLogger.java:50))
2021-04-28 19:55:08,287 [localhost-startStop-1] [DEBUG] Running with Spring Boot v2.1.3.RELEASE, Spring v5.1.5.RELEASE		(org.springframework.boot.StartupInfoLogger: org.springframework.boot.StartupInfoLogger.logStarting(StartupInfoLogger.java:53))
2021-04-28 19:55:08,297 [localhost-startStop-1] [INFO ] No active profile set, falling back to default profiles: default		(org.springframework.boot.SpringApplication: org.springframework.boot.SpringApplication.logStartupProfileInfo(SpringApplication.java:675))
2021-04-28 19:55:21,147 [localhost-startStop-1] [INFO ] Started ConeyApiApplication in 14.451 seconds (JVM running for 22.515)		(org.springframework.boot.StartupInfoLogger: org.springframework.boot.StartupInfoLogger.logStarted(StartupInfoLogger.java:59))
2021-04-28 19:55:21,655 [localhost-startStop-1] [DEBUG] Filter 'jwtRequestFilter' configured for use		(org.springframework.web.filter.GenericFilterBean: org.springframework.web.filter.GenericFilterBean.init(GenericFilterBean.java:241))
2021-04-28 19:55:25,693 [http-nio-8080-exec-1] [INFO ] [API-FILTER] Verifying JWT		(com.cefriel.coneyapi.jwt.JwtRequestFilter: com.cefriel.coneyapi.jwt.JwtRequestFilter.doFilterInternal(JwtRequestFilter.java:33))
2021-04-28 19:55:25,702 [http-nio-8080-exec-1] [WARN ] JWT Token format is not valid		(com.cefriel.coneyapi.jwt.JwtRequestFilter: com.cefriel.coneyapi.jwt.JwtRequestFilter.doFilterInternal(JwtRequestFilter.java:47))
2021-04-28 19:55:25,703 [http-nio-8080-exec-1] [INFO ] [API-FILTER] username set: null		(com.cefriel.coneyapi.jwt.JwtRequestFilter: com.cefriel.coneyapi.jwt.JwtRequestFilter.doFilterInternal(JwtRequestFilter.java:64))
2021-04-28 19:55:25,870 [http-nio-8080-exec-2] [INFO ] [API-FILTER] Verifying JWT		(com.cefriel.coneyapi.jwt.JwtRequestFilter: com.cefriel.coneyapi.jwt.JwtRequestFilter.doFilterInternal(JwtRequestFilter.java:33))
2021-04-28 19:55:25,873 [http-nio-8080-exec-2] [WARN ] JWT Token format is not valid		(com.cefriel.coneyapi.jwt.JwtRequestFilter: com.cefriel.coneyapi.jwt.JwtRequestFilter.doFilterInternal(JwtRequestFilter.java:47))
2021-04-28 19:55:25,878 [http-nio-8080-exec-2] [INFO ] [API-FILTER] username set: null		(com.cefriel.coneyapi.jwt.JwtRequestFilter: com.cefriel.coneyapi.jwt.JwtRequestFilter.doFilterInternal(JwtRequestFilter.java:64))
2021-04-28 19:55:25,885 [http-nio-8080-exec-7] [INFO ] [API-FILTER] Verifying JWT		(com.cefriel.coneyapi.jwt.JwtRequestFilter: com.cefriel.coneyapi.jwt.JwtRequestFilter.doFilterInternal(JwtRequestFilter.java:33))
2021-04-28 19:55:25,870 [http-nio-8080-exec-3] [INFO ] [API-FILTER] Verifying JWT		(com.cefriel.coneyapi.jwt.JwtRequestFilter: com.cefriel.coneyapi.jwt.JwtRequestFilter.doFilterInternal(JwtRequestFilter.java:33))
2021-04-28 19:55:25,889 [http-nio-8080-exec-3] [WARN ] JWT Token format is not valid		(com.cefriel.coneyapi.jwt.JwtRequestFilter: com.cefriel.coneyapi.jwt.JwtRequestFilter.doFilterInternal(JwtRequestFilter.java:47))
2021-04-28 19:55:25,887 [http-nio-8080-exec-7] [WARN ] JWT Token format is not valid		(com.cefriel.coneyapi.jwt.JwtRequestFilter: com.cefriel.coneyapi.jwt.JwtRequestFilter.doFilterInternal(JwtRequestFilter.java:47))
2021-04-28 19:55:25,892 [http-nio-8080-exec-7] [INFO ] [API-FILTER] username set: null		(com.cefriel.coneyapi.jwt.JwtRequestFilter: com.cefriel.coneyapi.jwt.JwtRequestFilter.doFilterInternal(JwtRequestFilter.java:64))
2021-04-28 19:55:25,885 [http-nio-8080-exec-5] [INFO ] [API-FILTER] Verifying JWT		(com.cefriel.coneyapi.jwt.JwtRequestFilter: com.cefriel.coneyapi.jwt.JwtRequestFilter.doFilterInternal(JwtRequestFilter.java:33))
2021-04-28 19:55:25,885 [http-nio-8080-exec-6] [INFO ] [API-FILTER] Verifying JWT		(com.cefriel.coneyapi.jwt.JwtRequestFilter: com.cefriel.coneyapi.jwt.JwtRequestFilter.doFilterInternal(JwtRequestFilter.java:33))
2021-04-28 19:55:25,901 [http-nio-8080-exec-6] [WARN ] JWT Token format is not valid		(com.cefriel.coneyapi.jwt.JwtRequestFilter: com.cefriel.coneyapi.jwt.JwtRequestFilter.doFilterInternal(JwtRequestFilter.java:47))
2021-04-28 19:55:25,905 [http-nio-8080-exec-6] [INFO ] [API-FILTER] username set: null		(com.cefriel.coneyapi.jwt.JwtRequestFilter: com.cefriel.coneyapi.jwt.JwtRequestFilter.doFilterInternal(JwtRequestFilter.java:64))
2021-04-28 19:55:25,885 [http-nio-8080-exec-4] [INFO ] [API-FILTER] Verifying JWT		(com.cefriel.coneyapi.jwt.JwtRequestFilter: com.cefriel.coneyapi.jwt.JwtRequestFilter.doFilterInternal(JwtRequestFilter.java:33))
2021-04-28 19:55:25,907 [http-nio-8080-exec-4] [WARN ] JWT Token format is not valid		(com.cefriel.coneyapi.jwt.JwtRequestFilter: com.cefriel.coneyapi.jwt.JwtRequestFilter.doFilterInternal(JwtRequestFilter.java:47))
2021-04-28 19:55:25,912 [http-nio-8080-exec-4] [INFO ] [API-FILTER] username set: null		(com.cefriel.coneyapi.jwt.JwtRequestFilter: com.cefriel.coneyapi.jwt.JwtRequestFilter.doFilterInternal(JwtRequestFilter.java:64))
2021-04-28 19:55:25,900 [http-nio-8080-exec-5] [WARN ] JWT Token format is not valid		(com.cefriel.coneyapi.jwt.JwtRequestFilter: com.cefriel.coneyapi.jwt.JwtRequestFilter.doFilterInternal(JwtRequestFilter.java:47))
2021-04-28 19:55:25,891 [http-nio-8080-exec-3] [INFO ] [API-FILTER] username set: null		(com.cefriel.coneyapi.jwt.JwtRequestFilter: com.cefriel.coneyapi.jwt.JwtRequestFilter.doFilterInternal(JwtRequestFilter.java:64))
2021-04-28 19:55:25,918 [http-nio-8080-exec-5] [INFO ] [API-FILTER] username set: null		(com.cefriel.coneyapi.jwt.JwtRequestFilter: com.cefriel.coneyapi.jwt.JwtRequestFilter.doFilterInternal(JwtRequestFilter.java:64))
2021-04-28 19:55:25,965 [http-nio-8080-exec-8] [INFO ] [API-FILTER] Verifying JWT		(com.cefriel.coneyapi.jwt.JwtRequestFilter: com.cefriel.coneyapi.jwt.JwtRequestFilter.doFilterInternal(JwtRequestFilter.java:33))
2021-04-28 19:55:25,966 [http-nio-8080-exec-8] [WARN ] JWT Token format is not valid		(com.cefriel.coneyapi.jwt.JwtRequestFilter: com.cefriel.coneyapi.jwt.JwtRequestFilter.doFilterInternal(JwtRequestFilter.java:47))
2021-04-28 19:55:25,967 [http-nio-8080-exec-8] [INFO ] [API-FILTER] username set: null		(com.cefriel.coneyapi.jwt.JwtRequestFilter: com.cefriel.coneyapi.jwt.JwtRequestFilter.doFilterInternal(JwtRequestFilter.java:64))
2021-04-28 19:55:26,010 [http-nio-8080-exec-10] [INFO ] [API-FILTER] Verifying JWT		(com.cefriel.coneyapi.jwt.JwtRequestFilter: com.cefriel.coneyapi.jwt.JwtRequestFilter.doFilterInternal(JwtRequestFilter.java:33))
2021-04-28 19:55:26,016 [http-nio-8080-exec-10] [WARN ] JWT Token format is not valid		(com.cefriel.coneyapi.jwt.JwtRequestFilter: com.cefriel.coneyapi.jwt.JwtRequestFilter.doFilterInternal(JwtRequestFilter.java:47))
2021-04-28 19:55:26,022 [http-nio-8080-exec-10] [INFO ] [API-FILTER] username set: null		(com.cefriel.coneyapi.jwt.JwtRequestFilter: com.cefriel.coneyapi.jwt.JwtRequestFilter.doFilterInternal(JwtRequestFilter.java:64))
2021-04-28 19:55:26,011 [http-nio-8080-exec-9] [INFO ] [API-FILTER] Verifying JWT		(com.cefriel.coneyapi.jwt.JwtRequestFilter: com.cefriel.coneyapi.jwt.JwtRequestFilter.doFilterInternal(JwtRequestFilter.java:33))
2021-04-28 19:55:26,034 [http-nio-8080-exec-9] [WARN ] JWT Token format is not valid		(com.cefriel.coneyapi.jwt.JwtRequestFilter: com.cefriel.coneyapi.jwt.JwtRequestFilter.doFilterInternal(JwtRequestFilter.java:47))
2021-04-28 19:55:26,036 [http-nio-8080-exec-9] [INFO ] [API-FILTER] username set: null		(com.cefriel.coneyapi.jwt.JwtRequestFilter: com.cefriel.coneyapi.jwt.JwtRequestFilter.doFilterInternal(JwtRequestFilter.java:64))
2021-04-28 19:55:26,011 [http-nio-8080-exec-1] [INFO ] [API-FILTER] Verifying JWT		(com.cefriel.coneyapi.jwt.JwtRequestFilter: com.cefriel.coneyapi.jwt.JwtRequestFilter.doFilterInternal(JwtRequestFilter.java:33))
2021-04-28 19:55:26,044 [http-nio-8080-exec-1] [WARN ] JWT Token format is not valid		(com.cefriel.coneyapi.jwt.JwtRequestFilter: com.cefriel.coneyapi.jwt.JwtRequestFilter.doFilterInternal(JwtRequestFilter.java:47))
2021-04-28 19:55:26,045 [http-nio-8080-exec-1] [INFO ] [API-FILTER] username set: null		(com.cefriel.coneyapi.jwt.JwtRequestFilter: com.cefriel.coneyapi.jwt.JwtRequestFilter.doFilterInternal(JwtRequestFilter.java:64))
2021-04-28 19:55:26,036 [http-nio-8080-exec-8] [INFO ] [API-FILTER] Verifying JWT		(com.cefriel.coneyapi.jwt.JwtRequestFilter: com.cefriel.coneyapi.jwt.JwtRequestFilter.doFilterInternal(JwtRequestFilter.java:33))
2021-04-28 19:55:26,051 [http-nio-8080-exec-8] [WARN ] JWT Token format is not valid		(com.cefriel.coneyapi.jwt.JwtRequestFilter: com.cefriel.coneyapi.jwt.JwtRequestFilter.doFilterInternal(JwtRequestFilter.java:47))
2021-04-28 19:55:26,051 [http-nio-8080-exec-8] [INFO ] [API-FILTER] username set: null		(com.cefriel.coneyapi.jwt.JwtRequestFilter: com.cefriel.coneyapi.jwt.JwtRequestFilter.doFilterInternal(JwtRequestFilter.java:64))
2021-04-28 19:55:26,049 [http-nio-8080-exec-4] [INFO ] [API-FILTER] Verifying JWT		(com.cefriel.coneyapi.jwt.JwtRequestFilter: com.cefriel.coneyapi.jwt.JwtRequestFilter.doFilterInternal(JwtRequestFilter.java:33))
2021-04-28 19:55:26,054 [http-nio-8080-exec-4] [WARN ] JWT Token format is not valid		(com.cefriel.coneyapi.jwt.JwtRequestFilter: com.cefriel.coneyapi.jwt.JwtRequestFilter.doFilterInternal(JwtRequestFilter.java:47))
2021-04-28 19:55:26,056 [http-nio-8080-exec-4] [INFO ] [API-FILTER] username set: null		(com.cefriel.coneyapi.jwt.JwtRequestFilter: com.cefriel.coneyapi.jwt.JwtRequestFilter.doFilterInternal(JwtRequestFilter.java:64))
2021-04-28 19:55:26,048 [http-nio-8080-exec-5] [INFO ] [API-FILTER] Verifying JWT		(com.cefriel.coneyapi.jwt.JwtRequestFilter: com.cefriel.coneyapi.jwt.JwtRequestFilter.doFilterInternal(JwtRequestFilter.java:33))
2021-04-28 19:55:26,068 [http-nio-8080-exec-3] [INFO ] [API-FILTER] Verifying JWT		(com.cefriel.coneyapi.jwt.JwtRequestFilter: com.cefriel.coneyapi.jwt.JwtRequestFilter.doFilterInternal(JwtRequestFilter.java:33))
2021-04-28 19:55:26,081 [http-nio-8080-exec-3] [WARN ] JWT Token format is not valid		(com.cefriel.coneyapi.jwt.JwtRequestFilter: com.cefriel.coneyapi.jwt.JwtRequestFilter.doFilterInternal(JwtRequestFilter.java:47))
2021-04-28 19:55:26,083 [http-nio-8080-exec-3] [INFO ] [API-FILTER] username set: null		(com.cefriel.coneyapi.jwt.JwtRequestFilter: com.cefriel.coneyapi.jwt.JwtRequestFilter.doFilterInternal(JwtRequestFilter.java:64))
2021-04-28 19:55:26,082 [http-nio-8080-exec-5] [WARN ] JWT Token format is not valid		(com.cefriel.coneyapi.jwt.JwtRequestFilter: com.cefriel.coneyapi.jwt.JwtRequestFilter.doFilterInternal(JwtRequestFilter.java:47))
2021-04-28 19:55:26,086 [http-nio-8080-exec-5] [INFO ] [API-FILTER] username set: null		(com.cefriel.coneyapi.jwt.JwtRequestFilter: com.cefriel.coneyapi.jwt.JwtRequestFilter.doFilterInternal(JwtRequestFilter.java:64))
2021-04-28 19:55:26,101 [http-nio-8080-exec-2] [INFO ] [API-FILTER] Verifying JWT		(com.cefriel.coneyapi.jwt.JwtRequestFilter: com.cefriel.coneyapi.jwt.JwtRequestFilter.doFilterInternal(JwtRequestFilter.java:33))
2021-04-28 19:55:26,102 [http-nio-8080-exec-2] [WARN ] JWT Token format is not valid		(com.cefriel.coneyapi.jwt.JwtRequestFilter: com.cefriel.coneyapi.jwt.JwtRequestFilter.doFilterInternal(JwtRequestFilter.java:47))
2021-04-28 19:55:26,106 [http-nio-8080-exec-2] [INFO ] [API-FILTER] username set: null		(com.cefriel.coneyapi.jwt.JwtRequestFilter: com.cefriel.coneyapi.jwt.JwtRequestFilter.doFilterInternal(JwtRequestFilter.java:64))
2021-04-28 19:55:26,113 [http-nio-8080-exec-8] [INFO ] [API-FILTER] Verifying JWT		(com.cefriel.coneyapi.jwt.JwtRequestFilter: com.cefriel.coneyapi.jwt.JwtRequestFilter.doFilterInternal(JwtRequestFilter.java:33))
2021-04-28 19:55:26,114 [http-nio-8080-exec-8] [WARN ] JWT Token format is not valid		(com.cefriel.coneyapi.jwt.JwtRequestFilter: com.cefriel.coneyapi.jwt.JwtRequestFilter.doFilterInternal(JwtRequestFilter.java:47))
2021-04-28 19:55:26,115 [http-nio-8080-exec-8] [INFO ] [API-FILTER] username set: null		(com.cefriel.coneyapi.jwt.JwtRequestFilter: com.cefriel.coneyapi.jwt.JwtRequestFilter.doFilterInternal(JwtRequestFilter.java:64))
2021-04-28 19:55:26,127 [http-nio-8080-exec-7] [INFO ] [API-FILTER] Verifying JWT		(com.cefriel.coneyapi.jwt.JwtRequestFilter: com.cefriel.coneyapi.jwt.JwtRequestFilter.doFilterInternal(JwtRequestFilter.java:33))
2021-04-28 19:55:26,128 [http-nio-8080-exec-7] [WARN ] JWT Token format is not valid		(com.cefriel.coneyapi.jwt.JwtRequestFilter: com.cefriel.coneyapi.jwt.JwtRequestFilter.doFilterInternal(JwtRequestFilter.java:47))
2021-04-28 19:55:26,129 [http-nio-8080-exec-7] [INFO ] [API-FILTER] username set: null		(com.cefriel.coneyapi.jwt.JwtRequestFilter: com.cefriel.coneyapi.jwt.JwtRequestFilter.doFilterInternal(JwtRequestFilter.java:64))
2021-04-28 19:55:26,139 [http-nio-8080-exec-6] [INFO ] [API-FILTER] Verifying JWT		(com.cefriel.coneyapi.jwt.JwtRequestFilter: com.cefriel.coneyapi.jwt.JwtRequestFilter.doFilterInternal(JwtRequestFilter.java:33))
2021-04-28 19:55:26,153 [http-nio-8080-exec-6] [WARN ] JWT Token format is not valid		(com.cefriel.coneyapi.jwt.JwtRequestFilter: com.cefriel.coneyapi.jwt.JwtRequestFilter.doFilterInternal(JwtRequestFilter.java:47))
2021-04-28 19:55:26,160 [http-nio-8080-exec-6] [INFO ] [API-FILTER] username set: null		(com.cefriel.coneyapi.jwt.JwtRequestFilter: com.cefriel.coneyapi.jwt.JwtRequestFilter.doFilterInternal(JwtRequestFilter.java:64))
2021-04-28 19:55:26,235 [http-nio-8080-exec-8] [INFO ] [API-FILTER] Verifying JWT		(com.cefriel.coneyapi.jwt.JwtRequestFilter: com.cefriel.coneyapi.jwt.JwtRequestFilter.doFilterInternal(JwtRequestFilter.java:33))
2021-04-28 19:55:26,236 [http-nio-8080-exec-8] [WARN ] JWT Token format is not valid		(com.cefriel.coneyapi.jwt.JwtRequestFilter: com.cefriel.coneyapi.jwt.JwtRequestFilter.doFilterInternal(JwtRequestFilter.java:47))
2021-04-28 19:55:26,237 [http-nio-8080-exec-8] [INFO ] [API-FILTER] username set: null		(com.cefriel.coneyapi.jwt.JwtRequestFilter: com.cefriel.coneyapi.jwt.JwtRequestFilter.doFilterInternal(JwtRequestFilter.java:64))
2021-04-28 19:55:26,237 [http-nio-8080-exec-1] [INFO ] [API-FILTER] Verifying JWT		(com.cefriel.coneyapi.jwt.JwtRequestFilter: com.cefriel.coneyapi.jwt.JwtRequestFilter.doFilterInternal(JwtRequestFilter.java:33))
2021-04-28 19:55:26,240 [http-nio-8080-exec-1] [WARN ] JWT Token format is not valid		(com.cefriel.coneyapi.jwt.JwtRequestFilter: com.cefriel.coneyapi.jwt.JwtRequestFilter.doFilterInternal(JwtRequestFilter.java:47))
2021-04-28 19:55:26,237 [http-nio-8080-exec-5] [INFO ] [API-FILTER] Verifying JWT		(com.cefriel.coneyapi.jwt.JwtRequestFilter: com.cefriel.coneyapi.jwt.JwtRequestFilter.doFilterInternal(JwtRequestFilter.java:33))
2021-04-28 19:55:26,247 [http-nio-8080-exec-5] [WARN ] JWT Token format is not valid		(com.cefriel.coneyapi.jwt.JwtRequestFilter: com.cefriel.coneyapi.jwt.JwtRequestFilter.doFilterInternal(JwtRequestFilter.java:47))
2021-04-28 19:55:26,248 [http-nio-8080-exec-5] [INFO ] [API-FILTER] username set: null		(com.cefriel.coneyapi.jwt.JwtRequestFilter: com.cefriel.coneyapi.jwt.JwtRequestFilter.doFilterInternal(JwtRequestFilter.java:64))
2021-04-28 19:55:26,245 [http-nio-8080-exec-1] [INFO ] [API-FILTER] username set: null		(com.cefriel.coneyapi.jwt.JwtRequestFilter: com.cefriel.coneyapi.jwt.JwtRequestFilter.doFilterInternal(JwtRequestFilter.java:64))
2021-04-28 19:55:26,468 [http-nio-8080-exec-10] [INFO ] [API-FILTER] Verifying JWT		(com.cefriel.coneyapi.jwt.JwtRequestFilter: com.cefriel.coneyapi.jwt.JwtRequestFilter.doFilterInternal(JwtRequestFilter.java:33))
2021-04-28 19:55:26,469 [http-nio-8080-exec-10] [WARN ] JWT Token format is not valid		(com.cefriel.coneyapi.jwt.JwtRequestFilter: com.cefriel.coneyapi.jwt.JwtRequestFilter.doFilterInternal(JwtRequestFilter.java:47))
2021-04-28 19:55:26,470 [http-nio-8080-exec-10] [INFO ] [API-FILTER] username set: null		(com.cefriel.coneyapi.jwt.JwtRequestFilter: com.cefriel.coneyapi.jwt.JwtRequestFilter.doFilterInternal(JwtRequestFilter.java:64))
