2021-05-10 20:22:31,258 [localhost-startStop-1] [INFO ] Starting ConeyApiApplication v0.1 on e5cb56d046fa with PID 1 (/usr/local/tomcat/webapps/coney-api/WEB-INF/classes started by root in /usr/local/tomcat)		(org.springframework.boot.StartupInfoLogger: org.springframework.boot.StartupInfoLogger.logStarting(StartupInfoLogger.java:50))
2021-05-10 20:22:31,263 [localhost-startStop-1] [DEBUG] Running with Spring Boot v2.1.3.RELEASE, Spring v5.1.5.RELEASE		(org.springframework.boot.StartupInfoLogger: org.springframework.boot.StartupInfoLogger.logStarting(StartupInfoLogger.java:53))
2021-05-10 20:22:31,281 [localhost-startStop-1] [INFO ] No active profile set, falling back to default profiles: default		(org.springframework.boot.SpringApplication: org.springframework.boot.SpringApplication.logStartupProfileInfo(SpringApplication.java:675))
2021-05-10 20:22:50,001 [localhost-startStop-1] [INFO ] Started ConeyApiApplication in 21.177 seconds (JVM running for 33.586)		(org.springframework.boot.StartupInfoLogger: org.springframework.boot.StartupInfoLogger.logStarted(StartupInfoLogger.java:59))
2021-05-10 20:22:50,417 [localhost-startStop-1] [DEBUG] Filter 'jwtRequestFilter' configured for use		(org.springframework.web.filter.GenericFilterBean: org.springframework.web.filter.GenericFilterBean.init(GenericFilterBean.java:241))
2021-05-10 20:37:30,932 [http-nio-8080-exec-1] [INFO ] [API-FILTER] Verifying JWT		(com.cefriel.coneyapi.jwt.JwtRequestFilter: com.cefriel.coneyapi.jwt.JwtRequestFilter.doFilterInternal(JwtRequestFilter.java:33))
2021-05-10 20:37:30,936 [http-nio-8080-exec-1] [WARN ] JWT Token format is not valid		(com.cefriel.coneyapi.jwt.JwtRequestFilter: com.cefriel.coneyapi.jwt.JwtRequestFilter.doFilterInternal(JwtRequestFilter.java:47))
2021-05-10 20:37:30,937 [http-nio-8080-exec-1] [INFO ] [API-FILTER] username set: null		(com.cefriel.coneyapi.jwt.JwtRequestFilter: com.cefriel.coneyapi.jwt.JwtRequestFilter.doFilterInternal(JwtRequestFilter.java:64))
2021-05-10 20:37:31,005 [http-nio-8080-exec-2] [INFO ] [API-FILTER] Verifying JWT		(com.cefriel.coneyapi.jwt.JwtRequestFilter: com.cefriel.coneyapi.jwt.JwtRequestFilter.doFilterInternal(JwtRequestFilter.java:33))
2021-05-10 20:37:31,007 [http-nio-8080-exec-4] [INFO ] [API-FILTER] Verifying JWT		(com.cefriel.coneyapi.jwt.JwtRequestFilter: com.cefriel.coneyapi.jwt.JwtRequestFilter.doFilterInternal(JwtRequestFilter.java:33))
2021-05-10 20:37:31,009 [http-nio-8080-exec-4] [WARN ] JWT Token format is not valid		(com.cefriel.coneyapi.jwt.JwtRequestFilter: com.cefriel.coneyapi.jwt.JwtRequestFilter.doFilterInternal(JwtRequestFilter.java:47))
2021-05-10 20:37:31,010 [http-nio-8080-exec-4] [INFO ] [API-FILTER] username set: null		(com.cefriel.coneyapi.jwt.JwtRequestFilter: com.cefriel.coneyapi.jwt.JwtRequestFilter.doFilterInternal(JwtRequestFilter.java:64))
2021-05-10 20:37:31,008 [http-nio-8080-exec-2] [WARN ] JWT Token format is not valid		(com.cefriel.coneyapi.jwt.JwtRequestFilter: com.cefriel.coneyapi.jwt.JwtRequestFilter.doFilterInternal(JwtRequestFilter.java:47))
2021-05-10 20:37:31,012 [http-nio-8080-exec-2] [INFO ] [API-FILTER] username set: null		(com.cefriel.coneyapi.jwt.JwtRequestFilter: com.cefriel.coneyapi.jwt.JwtRequestFilter.doFilterInternal(JwtRequestFilter.java:64))
2021-05-10 20:37:31,010 [http-nio-8080-exec-5] [INFO ] [API-FILTER] Verifying JWT		(com.cefriel.coneyapi.jwt.JwtRequestFilter: com.cefriel.coneyapi.jwt.JwtRequestFilter.doFilterInternal(JwtRequestFilter.java:33))
2021-05-10 20:37:31,017 [http-nio-8080-exec-5] [WARN ] JWT Token format is not valid		(com.cefriel.coneyapi.jwt.JwtRequestFilter: com.cefriel.coneyapi.jwt.JwtRequestFilter.doFilterInternal(JwtRequestFilter.java:47))
2021-05-10 20:37:31,026 [http-nio-8080-exec-5] [INFO ] [API-FILTER] username set: null		(com.cefriel.coneyapi.jwt.JwtRequestFilter: com.cefriel.coneyapi.jwt.JwtRequestFilter.doFilterInternal(JwtRequestFilter.java:64))
2021-05-10 20:37:31,010 [http-nio-8080-exec-3] [INFO ] [API-FILTER] Verifying JWT		(com.cefriel.coneyapi.jwt.JwtRequestFilter: com.cefriel.coneyapi.jwt.JwtRequestFilter.doFilterInternal(JwtRequestFilter.java:33))
2021-05-10 20:37:31,030 [http-nio-8080-exec-3] [WARN ] JWT Token format is not valid		(com.cefriel.coneyapi.jwt.JwtRequestFilter: com.cefriel.coneyapi.jwt.JwtRequestFilter.doFilterInternal(JwtRequestFilter.java:47))
2021-05-10 20:37:31,031 [http-nio-8080-exec-3] [INFO ] [API-FILTER] username set: null		(com.cefriel.coneyapi.jwt.JwtRequestFilter: com.cefriel.coneyapi.jwt.JwtRequestFilter.doFilterInternal(JwtRequestFilter.java:64))
2021-05-10 20:37:31,009 [http-nio-8080-exec-6] [INFO ] [API-FILTER] Verifying JWT		(com.cefriel.coneyapi.jwt.JwtRequestFilter: com.cefriel.coneyapi.jwt.JwtRequestFilter.doFilterInternal(JwtRequestFilter.java:33))
2021-05-10 20:37:31,009 [http-nio-8080-exec-7] [INFO ] [API-FILTER] Verifying JWT		(com.cefriel.coneyapi.jwt.JwtRequestFilter: com.cefriel.coneyapi.jwt.JwtRequestFilter.doFilterInternal(JwtRequestFilter.java:33))
2021-05-10 20:37:31,037 [http-nio-8080-exec-7] [WARN ] JWT Token format is not valid		(com.cefriel.coneyapi.jwt.JwtRequestFilter: com.cefriel.coneyapi.jwt.JwtRequestFilter.doFilterInternal(JwtRequestFilter.java:47))
2021-05-10 20:37:31,038 [http-nio-8080-exec-7] [INFO ] [API-FILTER] username set: null		(com.cefriel.coneyapi.jwt.JwtRequestFilter: com.cefriel.coneyapi.jwt.JwtRequestFilter.doFilterInternal(JwtRequestFilter.java:64))
2021-05-10 20:37:31,036 [http-nio-8080-exec-6] [WARN ] JWT Token format is not valid		(com.cefriel.coneyapi.jwt.JwtRequestFilter: com.cefriel.coneyapi.jwt.JwtRequestFilter.doFilterInternal(JwtRequestFilter.java:47))
2021-05-10 20:37:31,040 [http-nio-8080-exec-6] [INFO ] [API-FILTER] username set: null		(com.cefriel.coneyapi.jwt.JwtRequestFilter: com.cefriel.coneyapi.jwt.JwtRequestFilter.doFilterInternal(JwtRequestFilter.java:64))
2021-05-10 20:37:31,057 [http-nio-8080-exec-8] [INFO ] [API-FILTER] Verifying JWT		(com.cefriel.coneyapi.jwt.JwtRequestFilter: com.cefriel.coneyapi.jwt.JwtRequestFilter.doFilterInternal(JwtRequestFilter.java:33))
2021-05-10 20:37:31,059 [http-nio-8080-exec-8] [WARN ] JWT Token format is not valid		(com.cefriel.coneyapi.jwt.JwtRequestFilter: com.cefriel.coneyapi.jwt.JwtRequestFilter.doFilterInternal(JwtRequestFilter.java:47))
2021-05-10 20:37:31,060 [http-nio-8080-exec-8] [INFO ] [API-FILTER] username set: null		(com.cefriel.coneyapi.jwt.JwtRequestFilter: com.cefriel.coneyapi.jwt.JwtRequestFilter.doFilterInternal(JwtRequestFilter.java:64))
2021-05-10 20:37:31,059 [http-nio-8080-exec-9] [INFO ] [API-FILTER] Verifying JWT		(com.cefriel.coneyapi.jwt.JwtRequestFilter: com.cefriel.coneyapi.jwt.JwtRequestFilter.doFilterInternal(JwtRequestFilter.java:33))
2021-05-10 20:37:31,062 [http-nio-8080-exec-9] [WARN ] JWT Token format is not valid		(com.cefriel.coneyapi.jwt.JwtRequestFilter: com.cefriel.coneyapi.jwt.JwtRequestFilter.doFilterInternal(JwtRequestFilter.java:47))
2021-05-10 20:37:31,062 [http-nio-8080-exec-9] [INFO ] [API-FILTER] username set: null		(com.cefriel.coneyapi.jwt.JwtRequestFilter: com.cefriel.coneyapi.jwt.JwtRequestFilter.doFilterInternal(JwtRequestFilter.java:64))
2021-05-10 20:37:31,075 [http-nio-8080-exec-10] [INFO ] [API-FILTER] Verifying JWT		(com.cefriel.coneyapi.jwt.JwtRequestFilter: com.cefriel.coneyapi.jwt.JwtRequestFilter.doFilterInternal(JwtRequestFilter.java:33))
2021-05-10 20:37:31,076 [http-nio-8080-exec-10] [WARN ] JWT Token format is not valid		(com.cefriel.coneyapi.jwt.JwtRequestFilter: com.cefriel.coneyapi.jwt.JwtRequestFilter.doFilterInternal(JwtRequestFilter.java:47))
2021-05-10 20:37:31,077 [http-nio-8080-exec-10] [INFO ] [API-FILTER] username set: null		(com.cefriel.coneyapi.jwt.JwtRequestFilter: com.cefriel.coneyapi.jwt.JwtRequestFilter.doFilterInternal(JwtRequestFilter.java:64))
2021-05-10 20:37:31,098 [http-nio-8080-exec-4] [INFO ] [API-FILTER] Verifying JWT		(com.cefriel.coneyapi.jwt.JwtRequestFilter: com.cefriel.coneyapi.jwt.JwtRequestFilter.doFilterInternal(JwtRequestFilter.java:33))
2021-05-10 20:37:31,100 [http-nio-8080-exec-4] [WARN ] JWT Token format is not valid		(com.cefriel.coneyapi.jwt.JwtRequestFilter: com.cefriel.coneyapi.jwt.JwtRequestFilter.doFilterInternal(JwtRequestFilter.java:47))
2021-05-10 20:37:31,101 [http-nio-8080-exec-4] [INFO ] [API-FILTER] username set: null		(com.cefriel.coneyapi.jwt.JwtRequestFilter: com.cefriel.coneyapi.jwt.JwtRequestFilter.doFilterInternal(JwtRequestFilter.java:64))
2021-05-10 20:37:31,100 [http-nio-8080-exec-1] [INFO ] [API-FILTER] Verifying JWT		(com.cefriel.coneyapi.jwt.JwtRequestFilter: com.cefriel.coneyapi.jwt.JwtRequestFilter.doFilterInternal(JwtRequestFilter.java:33))
2021-05-10 20:37:31,099 [http-nio-8080-exec-2] [INFO ] [API-FILTER] Verifying JWT		(com.cefriel.coneyapi.jwt.JwtRequestFilter: com.cefriel.coneyapi.jwt.JwtRequestFilter.doFilterInternal(JwtRequestFilter.java:33))
2021-05-10 20:37:31,104 [http-nio-8080-exec-2] [WARN ] JWT Token format is not valid		(com.cefriel.coneyapi.jwt.JwtRequestFilter: com.cefriel.coneyapi.jwt.JwtRequestFilter.doFilterInternal(JwtRequestFilter.java:47))
2021-05-10 20:37:31,103 [http-nio-8080-exec-1] [WARN ] JWT Token format is not valid		(com.cefriel.coneyapi.jwt.JwtRequestFilter: com.cefriel.coneyapi.jwt.JwtRequestFilter.doFilterInternal(JwtRequestFilter.java:47))
2021-05-10 20:37:31,102 [http-nio-8080-exec-5] [INFO ] [API-FILTER] Verifying JWT		(com.cefriel.coneyapi.jwt.JwtRequestFilter: com.cefriel.coneyapi.jwt.JwtRequestFilter.doFilterInternal(JwtRequestFilter.java:33))
2021-05-10 20:37:31,102 [http-nio-8080-exec-3] [INFO ] [API-FILTER] Verifying JWT		(com.cefriel.coneyapi.jwt.JwtRequestFilter: com.cefriel.coneyapi.jwt.JwtRequestFilter.doFilterInternal(JwtRequestFilter.java:33))
2021-05-10 20:37:31,108 [http-nio-8080-exec-3] [WARN ] JWT Token format is not valid		(com.cefriel.coneyapi.jwt.JwtRequestFilter: com.cefriel.coneyapi.jwt.JwtRequestFilter.doFilterInternal(JwtRequestFilter.java:47))
2021-05-10 20:37:31,108 [http-nio-8080-exec-3] [INFO ] [API-FILTER] username set: null		(com.cefriel.coneyapi.jwt.JwtRequestFilter: com.cefriel.coneyapi.jwt.JwtRequestFilter.doFilterInternal(JwtRequestFilter.java:64))
2021-05-10 20:37:31,110 [http-nio-8080-exec-8] [INFO ] [API-FILTER] Verifying JWT		(com.cefriel.coneyapi.jwt.JwtRequestFilter: com.cefriel.coneyapi.jwt.JwtRequestFilter.doFilterInternal(JwtRequestFilter.java:33))
2021-05-10 20:37:31,111 [http-nio-8080-exec-8] [WARN ] JWT Token format is not valid		(com.cefriel.coneyapi.jwt.JwtRequestFilter: com.cefriel.coneyapi.jwt.JwtRequestFilter.doFilterInternal(JwtRequestFilter.java:47))
2021-05-10 20:37:31,112 [http-nio-8080-exec-8] [INFO ] [API-FILTER] username set: null		(com.cefriel.coneyapi.jwt.JwtRequestFilter: com.cefriel.coneyapi.jwt.JwtRequestFilter.doFilterInternal(JwtRequestFilter.java:64))
2021-05-10 20:37:31,107 [http-nio-8080-exec-5] [WARN ] JWT Token format is not valid		(com.cefriel.coneyapi.jwt.JwtRequestFilter: com.cefriel.coneyapi.jwt.JwtRequestFilter.doFilterInternal(JwtRequestFilter.java:47))
2021-05-10 20:37:31,114 [http-nio-8080-exec-5] [INFO ] [API-FILTER] username set: null		(com.cefriel.coneyapi.jwt.JwtRequestFilter: com.cefriel.coneyapi.jwt.JwtRequestFilter.doFilterInternal(JwtRequestFilter.java:64))
2021-05-10 20:37:31,106 [http-nio-8080-exec-1] [INFO ] [API-FILTER] username set: null		(com.cefriel.coneyapi.jwt.JwtRequestFilter: com.cefriel.coneyapi.jwt.JwtRequestFilter.doFilterInternal(JwtRequestFilter.java:64))
2021-05-10 20:37:31,105 [http-nio-8080-exec-2] [INFO ] [API-FILTER] username set: null		(com.cefriel.coneyapi.jwt.JwtRequestFilter: com.cefriel.coneyapi.jwt.JwtRequestFilter.doFilterInternal(JwtRequestFilter.java:64))
2021-05-10 20:37:31,184 [http-nio-8080-exec-6] [INFO ] [API-FILTER] Verifying JWT		(com.cefriel.coneyapi.jwt.JwtRequestFilter: com.cefriel.coneyapi.jwt.JwtRequestFilter.doFilterInternal(JwtRequestFilter.java:33))
2021-05-10 20:37:31,185 [http-nio-8080-exec-6] [WARN ] JWT Token format is not valid		(com.cefriel.coneyapi.jwt.JwtRequestFilter: com.cefriel.coneyapi.jwt.JwtRequestFilter.doFilterInternal(JwtRequestFilter.java:47))
2021-05-10 20:37:31,186 [http-nio-8080-exec-6] [INFO ] [API-FILTER] username set: null		(com.cefriel.coneyapi.jwt.JwtRequestFilter: com.cefriel.coneyapi.jwt.JwtRequestFilter.doFilterInternal(JwtRequestFilter.java:64))
2021-05-10 20:37:31,194 [http-nio-8080-exec-7] [INFO ] [API-FILTER] Verifying JWT		(com.cefriel.coneyapi.jwt.JwtRequestFilter: com.cefriel.coneyapi.jwt.JwtRequestFilter.doFilterInternal(JwtRequestFilter.java:33))
2021-05-10 20:37:31,196 [http-nio-8080-exec-7] [WARN ] JWT Token format is not valid		(com.cefriel.coneyapi.jwt.JwtRequestFilter: com.cefriel.coneyapi.jwt.JwtRequestFilter.doFilterInternal(JwtRequestFilter.java:47))
2021-05-10 20:37:31,198 [http-nio-8080-exec-7] [INFO ] [API-FILTER] username set: null		(com.cefriel.coneyapi.jwt.JwtRequestFilter: com.cefriel.coneyapi.jwt.JwtRequestFilter.doFilterInternal(JwtRequestFilter.java:64))
2021-05-10 20:37:31,194 [http-nio-8080-exec-9] [INFO ] [API-FILTER] Verifying JWT		(com.cefriel.coneyapi.jwt.JwtRequestFilter: com.cefriel.coneyapi.jwt.JwtRequestFilter.doFilterInternal(JwtRequestFilter.java:33))
2021-05-10 20:37:31,200 [http-nio-8080-exec-9] [WARN ] JWT Token format is not valid		(com.cefriel.coneyapi.jwt.JwtRequestFilter: com.cefriel.coneyapi.jwt.JwtRequestFilter.doFilterInternal(JwtRequestFilter.java:47))
2021-05-10 20:37:31,200 [http-nio-8080-exec-9] [INFO ] [API-FILTER] username set: null		(com.cefriel.coneyapi.jwt.JwtRequestFilter: com.cefriel.coneyapi.jwt.JwtRequestFilter.doFilterInternal(JwtRequestFilter.java:64))
2021-05-10 20:37:31,202 [http-nio-8080-exec-4] [INFO ] [API-FILTER] Verifying JWT		(com.cefriel.coneyapi.jwt.JwtRequestFilter: com.cefriel.coneyapi.jwt.JwtRequestFilter.doFilterInternal(JwtRequestFilter.java:33))
2021-05-10 20:37:31,203 [http-nio-8080-exec-4] [WARN ] JWT Token format is not valid		(com.cefriel.coneyapi.jwt.JwtRequestFilter: com.cefriel.coneyapi.jwt.JwtRequestFilter.doFilterInternal(JwtRequestFilter.java:47))
2021-05-10 20:37:31,203 [http-nio-8080-exec-4] [INFO ] [API-FILTER] username set: null		(com.cefriel.coneyapi.jwt.JwtRequestFilter: com.cefriel.coneyapi.jwt.JwtRequestFilter.doFilterInternal(JwtRequestFilter.java:64))
2021-05-10 20:37:31,201 [http-nio-8080-exec-10] [INFO ] [API-FILTER] Verifying JWT		(com.cefriel.coneyapi.jwt.JwtRequestFilter: com.cefriel.coneyapi.jwt.JwtRequestFilter.doFilterInternal(JwtRequestFilter.java:33))
2021-05-10 20:37:31,205 [http-nio-8080-exec-10] [WARN ] JWT Token format is not valid		(com.cefriel.coneyapi.jwt.JwtRequestFilter: com.cefriel.coneyapi.jwt.JwtRequestFilter.doFilterInternal(JwtRequestFilter.java:47))
2021-05-10 20:37:31,206 [http-nio-8080-exec-10] [INFO ] [API-FILTER] username set: null		(com.cefriel.coneyapi.jwt.JwtRequestFilter: com.cefriel.coneyapi.jwt.JwtRequestFilter.doFilterInternal(JwtRequestFilter.java:64))
2021-05-10 20:37:31,211 [http-nio-8080-exec-3] [INFO ] [API-FILTER] Verifying JWT		(com.cefriel.coneyapi.jwt.JwtRequestFilter: com.cefriel.coneyapi.jwt.JwtRequestFilter.doFilterInternal(JwtRequestFilter.java:33))
2021-05-10 20:37:31,219 [http-nio-8080-exec-3] [WARN ] JWT Token format is not valid		(com.cefriel.coneyapi.jwt.JwtRequestFilter: com.cefriel.coneyapi.jwt.JwtRequestFilter.doFilterInternal(JwtRequestFilter.java:47))
2021-05-10 20:37:31,223 [http-nio-8080-exec-3] [INFO ] [API-FILTER] username set: null		(com.cefriel.coneyapi.jwt.JwtRequestFilter: com.cefriel.coneyapi.jwt.JwtRequestFilter.doFilterInternal(JwtRequestFilter.java:64))
2021-05-10 20:37:31,223 [http-nio-8080-exec-5] [INFO ] [API-FILTER] Verifying JWT		(com.cefriel.coneyapi.jwt.JwtRequestFilter: com.cefriel.coneyapi.jwt.JwtRequestFilter.doFilterInternal(JwtRequestFilter.java:33))
2021-05-10 20:37:31,225 [http-nio-8080-exec-5] [WARN ] JWT Token format is not valid		(com.cefriel.coneyapi.jwt.JwtRequestFilter: com.cefriel.coneyapi.jwt.JwtRequestFilter.doFilterInternal(JwtRequestFilter.java:47))
2021-05-10 20:37:31,229 [http-nio-8080-exec-5] [INFO ] [API-FILTER] username set: null		(com.cefriel.coneyapi.jwt.JwtRequestFilter: com.cefriel.coneyapi.jwt.JwtRequestFilter.doFilterInternal(JwtRequestFilter.java:64))
2021-05-10 20:37:31,224 [http-nio-8080-exec-1] [INFO ] [API-FILTER] Verifying JWT		(com.cefriel.coneyapi.jwt.JwtRequestFilter: com.cefriel.coneyapi.jwt.JwtRequestFilter.doFilterInternal(JwtRequestFilter.java:33))
2021-05-10 20:37:31,231 [http-nio-8080-exec-1] [WARN ] JWT Token format is not valid		(com.cefriel.coneyapi.jwt.JwtRequestFilter: com.cefriel.coneyapi.jwt.JwtRequestFilter.doFilterInternal(JwtRequestFilter.java:47))
2021-05-10 20:37:31,232 [http-nio-8080-exec-1] [INFO ] [API-FILTER] username set: null		(com.cefriel.coneyapi.jwt.JwtRequestFilter: com.cefriel.coneyapi.jwt.JwtRequestFilter.doFilterInternal(JwtRequestFilter.java:64))
2021-05-10 20:37:31,356 [http-nio-8080-exec-2] [INFO ] [API-FILTER] Verifying JWT		(com.cefriel.coneyapi.jwt.JwtRequestFilter: com.cefriel.coneyapi.jwt.JwtRequestFilter.doFilterInternal(JwtRequestFilter.java:33))
2021-05-10 20:37:31,359 [http-nio-8080-exec-2] [WARN ] JWT Token format is not valid		(com.cefriel.coneyapi.jwt.JwtRequestFilter: com.cefriel.coneyapi.jwt.JwtRequestFilter.doFilterInternal(JwtRequestFilter.java:47))
2021-05-10 20:37:31,361 [http-nio-8080-exec-2] [INFO ] [API-FILTER] username set: null		(com.cefriel.coneyapi.jwt.JwtRequestFilter: com.cefriel.coneyapi.jwt.JwtRequestFilter.doFilterInternal(JwtRequestFilter.java:64))
2021-05-10 20:38:58,839 [http-nio-8080-exec-8] [INFO ] [API-FILTER] Verifying JWT		(com.cefriel.coneyapi.jwt.JwtRequestFilter: com.cefriel.coneyapi.jwt.JwtRequestFilter.doFilterInternal(JwtRequestFilter.java:33))
2021-05-10 20:38:58,840 [http-nio-8080-exec-8] [WARN ] JWT Token format is not valid		(com.cefriel.coneyapi.jwt.JwtRequestFilter: com.cefriel.coneyapi.jwt.JwtRequestFilter.doFilterInternal(JwtRequestFilter.java:47))
2021-05-10 20:38:58,845 [http-nio-8080-exec-8] [INFO ] [API-FILTER] username set: null		(com.cefriel.coneyapi.jwt.JwtRequestFilter: com.cefriel.coneyapi.jwt.JwtRequestFilter.doFilterInternal(JwtRequestFilter.java:64))
2021-05-10 20:40:28,488 [http-nio-8080-exec-6] [INFO ] [API-FILTER] Verifying JWT		(com.cefriel.coneyapi.jwt.JwtRequestFilter: com.cefriel.coneyapi.jwt.JwtRequestFilter.doFilterInternal(JwtRequestFilter.java:33))
2021-05-10 20:40:28,490 [http-nio-8080-exec-6] [WARN ] JWT Token format is not valid		(com.cefriel.coneyapi.jwt.JwtRequestFilter: com.cefriel.coneyapi.jwt.JwtRequestFilter.doFilterInternal(JwtRequestFilter.java:47))
2021-05-10 20:40:28,490 [http-nio-8080-exec-6] [INFO ] [API-FILTER] username set: null		(com.cefriel.coneyapi.jwt.JwtRequestFilter: com.cefriel.coneyapi.jwt.JwtRequestFilter.doFilterInternal(JwtRequestFilter.java:64))
2021-05-10 20:40:28,520 [http-nio-8080-exec-6] [INFO ] [CONTROL] Getting conversations with  filter		(com.cefriel.coneyapi.controller.AdminController: com.cefriel.coneyapi.controller.AdminController.getConversations(AdminController.java:60))
2021-05-10 20:40:28,521 [http-nio-8080-exec-6] [INFO ] [CONTROL] IN service, filtering for 		(com.cefriel.coneyapi.service.AdminService: com.cefriel.coneyapi.service.AdminService.getConversations(AdminService.java:54))
2021-05-10 20:40:29,491 [http-nio-8080-exec-6] [INFO ] [com.cefriel.coneyapi.model.db.entities.Conversation@3eacf538]		(com.cefriel.coneyapi.service.AdminService: com.cefriel.coneyapi.service.AdminService.getConversations(AdminService.java:63))
2021-05-10 20:55:08,563 [http-nio-8080-exec-7] [INFO ] [API-FILTER] Verifying JWT		(com.cefriel.coneyapi.jwt.JwtRequestFilter: com.cefriel.coneyapi.jwt.JwtRequestFilter.doFilterInternal(JwtRequestFilter.java:33))
2021-05-10 20:55:08,564 [http-nio-8080-exec-7] [WARN ] JWT Token format is not valid		(com.cefriel.coneyapi.jwt.JwtRequestFilter: com.cefriel.coneyapi.jwt.JwtRequestFilter.doFilterInternal(JwtRequestFilter.java:47))
2021-05-10 20:55:08,565 [http-nio-8080-exec-7] [INFO ] [API-FILTER] username set: null		(com.cefriel.coneyapi.jwt.JwtRequestFilter: com.cefriel.coneyapi.jwt.JwtRequestFilter.doFilterInternal(JwtRequestFilter.java:64))
2021-05-10 20:55:08,566 [http-nio-8080-exec-7] [INFO ] [CONTROL] Getting customers with  filter		(com.cefriel.coneyapi.controller.AdminController: com.cefriel.coneyapi.controller.AdminController.getCustomers(AdminController.java:37))
2021-05-10 21:24:48,620 [localhost-startStop-1] [INFO ] Starting ConeyApiApplication v0.1 on 203a52e30a49 with PID 1 (/usr/local/tomcat/webapps/coney-api/WEB-INF/classes started by root in /usr/local/tomcat)		(org.springframework.boot.StartupInfoLogger: org.springframework.boot.StartupInfoLogger.logStarting(StartupInfoLogger.java:50))
2021-05-10 21:24:48,630 [localhost-startStop-1] [DEBUG] Running with Spring Boot v2.1.3.RELEASE, Spring v5.1.5.RELEASE		(org.springframework.boot.StartupInfoLogger: org.springframework.boot.StartupInfoLogger.logStarting(StartupInfoLogger.java:53))
2021-05-10 21:24:48,633 [localhost-startStop-1] [INFO ] No active profile set, falling back to default profiles: default		(org.springframework.boot.SpringApplication: org.springframework.boot.SpringApplication.logStartupProfileInfo(SpringApplication.java:675))
2021-05-10 21:25:00,450 [localhost-startStop-1] [INFO ] Started ConeyApiApplication in 13.269 seconds (JVM running for 23.859)		(org.springframework.boot.StartupInfoLogger: org.springframework.boot.StartupInfoLogger.logStarted(StartupInfoLogger.java:59))
2021-05-10 21:25:00,709 [localhost-startStop-1] [DEBUG] Filter 'jwtRequestFilter' configured for use		(org.springframework.web.filter.GenericFilterBean: org.springframework.web.filter.GenericFilterBean.init(GenericFilterBean.java:241))
