2021-05-25 16:45:40,506 [localhost-startStop-1] [INFO ] Starting ConeyApiApplication v0.1 on 8ffbf7f288b1 with PID 1 (/usr/local/tomcat/webapps/coney-api/WEB-INF/classes started by root in /usr/local/tomcat)		(org.springframework.boot.StartupInfoLogger: org.springframework.boot.StartupInfoLogger.logStarting(StartupInfoLogger.java:50))
2021-05-25 16:45:40,512 [localhost-startStop-1] [DEBUG] Running with Spring Boot v2.1.4.RELEASE, Spring v5.1.6.RELEASE		(org.springframework.boot.StartupInfoLogger: org.springframework.boot.StartupInfoLogger.logStarting(StartupInfoLogger.java:53))
2021-05-25 16:45:40,514 [localhost-startStop-1] [INFO ] No active profile set, falling back to default profiles: default		(org.springframework.boot.SpringApplication: org.springframework.boot.SpringApplication.logStartupProfileInfo(SpringApplication.java:675))
2021-05-25 16:45:48,845 [localhost-startStop-1] [INFO ] Started ConeyApiApplication in 9.291 seconds (JVM running for 14.9)		(org.springframework.boot.StartupInfoLogger: org.springframework.boot.StartupInfoLogger.logStarted(StartupInfoLogger.java:59))
2021-05-25 16:45:49,162 [localhost-startStop-1] [DEBUG] Filter 'jwtRequestFilter' configured for use		(org.springframework.web.filter.GenericFilterBean: org.springframework.web.filter.GenericFilterBean.init(GenericFilterBean.java:241))
2021-05-25 16:56:38,160 [http-nio-8080-exec-1] [INFO ] [API-FILTER] Verifying JWT		(com.cefriel.coneyapi.jwt.JwtRequestFilter: com.cefriel.coneyapi.jwt.JwtRequestFilter.doFilterInternal(JwtRequestFilter.java:33))
2021-05-25 16:56:38,161 [http-nio-8080-exec-1] [WARN ] JWT Token format is not valid		(com.cefriel.coneyapi.jwt.JwtRequestFilter: com.cefriel.coneyapi.jwt.JwtRequestFilter.doFilterInternal(JwtRequestFilter.java:47))
2021-05-25 16:56:38,162 [http-nio-8080-exec-1] [INFO ] [API-FILTER] username set: null		(com.cefriel.coneyapi.jwt.JwtRequestFilter: com.cefriel.coneyapi.jwt.JwtRequestFilter.doFilterInternal(JwtRequestFilter.java:64))
2021-05-25 16:56:38,195 [http-nio-8080-exec-1] [INFO ] [CONV] Looking with user: anonymousUser		(com.cefriel.coneyapi.service.ConversationService: com.cefriel.coneyapi.service.ConversationService.searchConversation(ConversationService.java:54))
2021-05-25 16:56:38,617 [http-nio-8080-exec-1] [INFO ] [CONVERSATION] Search conversation: List of 8 conversations correctly retrieved		(com.cefriel.coneyapi.controller.ConversationController: com.cefriel.coneyapi.controller.ConversationController.searchConversation(ConversationController.java:49))
2021-05-25 16:56:49,331 [http-nio-8080-exec-2] [INFO ] [API-FILTER] Verifying JWT		(com.cefriel.coneyapi.jwt.JwtRequestFilter: com.cefriel.coneyapi.jwt.JwtRequestFilter.doFilterInternal(JwtRequestFilter.java:33))
2021-05-25 16:56:49,332 [http-nio-8080-exec-2] [WARN ] JWT Token format is not valid		(com.cefriel.coneyapi.jwt.JwtRequestFilter: com.cefriel.coneyapi.jwt.JwtRequestFilter.doFilterInternal(JwtRequestFilter.java:47))
2021-05-25 16:56:49,333 [http-nio-8080-exec-2] [INFO ] [API-FILTER] username set: null		(com.cefriel.coneyapi.jwt.JwtRequestFilter: com.cefriel.coneyapi.jwt.JwtRequestFilter.doFilterInternal(JwtRequestFilter.java:64))
2021-05-25 16:56:49,335 [http-nio-8080-exec-2] [INFO ] [CONV] Looking with user: anonymousUser		(com.cefriel.coneyapi.service.ConversationService: com.cefriel.coneyapi.service.ConversationService.searchConversation(ConversationService.java:54))
2021-05-25 16:56:49,360 [http-nio-8080-exec-2] [INFO ] [CONVERSATION] Search conversation: List of 8 conversations correctly retrieved		(com.cefriel.coneyapi.controller.ConversationController: com.cefriel.coneyapi.controller.ConversationController.searchConversation(ConversationController.java:49))
2021-05-25 16:56:56,262 [http-nio-8080-exec-3] [INFO ] [API-FILTER] Verifying JWT		(com.cefriel.coneyapi.jwt.JwtRequestFilter: com.cefriel.coneyapi.jwt.JwtRequestFilter.doFilterInternal(JwtRequestFilter.java:33))
2021-05-25 16:56:56,264 [http-nio-8080-exec-3] [WARN ] JWT Token format is not valid		(com.cefriel.coneyapi.jwt.JwtRequestFilter: com.cefriel.coneyapi.jwt.JwtRequestFilter.doFilterInternal(JwtRequestFilter.java:47))
2021-05-25 16:56:56,265 [http-nio-8080-exec-3] [INFO ] [API-FILTER] username set: null		(com.cefriel.coneyapi.jwt.JwtRequestFilter: com.cefriel.coneyapi.jwt.JwtRequestFilter.doFilterInternal(JwtRequestFilter.java:64))
2021-05-25 16:56:56,395 [http-nio-8080-exec-3] [INFO ] [UTILS] File read at path '/opt/coney-data/RateYourProject 1.0 - web (unpub).txt'		(com.cefriel.coneyapi.utils.Utils: com.cefriel.coneyapi.utils.Utils.openJsonFile(Utils.java:36))
2021-05-25 16:56:56,419 [http-nio-8080-exec-4] [INFO ] [API-FILTER] Verifying JWT		(com.cefriel.coneyapi.jwt.JwtRequestFilter: com.cefriel.coneyapi.jwt.JwtRequestFilter.doFilterInternal(JwtRequestFilter.java:33))
2021-05-25 16:56:56,423 [http-nio-8080-exec-4] [WARN ] JWT Token format is not valid		(com.cefriel.coneyapi.jwt.JwtRequestFilter: com.cefriel.coneyapi.jwt.JwtRequestFilter.doFilterInternal(JwtRequestFilter.java:47))
2021-05-25 16:56:56,425 [http-nio-8080-exec-4] [INFO ] [API-FILTER] username set: null		(com.cefriel.coneyapi.jwt.JwtRequestFilter: com.cefriel.coneyapi.jwt.JwtRequestFilter.doFilterInternal(JwtRequestFilter.java:64))
2021-05-25 16:56:56,420 [http-nio-8080-exec-5] [INFO ] [API-FILTER] Verifying JWT		(com.cefriel.coneyapi.jwt.JwtRequestFilter: com.cefriel.coneyapi.jwt.JwtRequestFilter.doFilterInternal(JwtRequestFilter.java:33))
2021-05-25 16:56:56,428 [http-nio-8080-exec-5] [WARN ] JWT Token format is not valid		(com.cefriel.coneyapi.jwt.JwtRequestFilter: com.cefriel.coneyapi.jwt.JwtRequestFilter.doFilterInternal(JwtRequestFilter.java:47))
2021-05-25 16:56:56,429 [http-nio-8080-exec-5] [INFO ] [API-FILTER] username set: null		(com.cefriel.coneyapi.jwt.JwtRequestFilter: com.cefriel.coneyapi.jwt.JwtRequestFilter.doFilterInternal(JwtRequestFilter.java:64))
2021-05-25 16:56:56,443 [http-nio-8080-exec-4] [INFO ] [UTILS] File read at path '/opt/coney-data/RateYourProject 1.0 - web (unpub).txt'		(com.cefriel.coneyapi.utils.Utils: com.cefriel.coneyapi.utils.Utils.openJsonFile(Utils.java:36))
